[    0.000000] Linux version 4.15.0-66-generic (buildd@lgw01-amd64-044) (gcc version 7.4.0 (Ubuntu 7.4.0-1ubuntu1~18.04.1)) #75-Ubuntu SMP Tue Oct 1 05:24:09 UTC 2019 (Ubuntu 4.15.0-66.75-generic 4.15.18)
[    0.000000] Command line: BOOT_IMAGE=/boot/vmlinuz-4.15.0-66-generic root=LABEL=cloudimg-rootfs ro console=tty1 console=ttyS0
[    0.000000] KERNEL supported cpus:
[    0.000000]   Intel GenuineIntel
[    0.000000]   AMD AuthenticAMD
[    0.000000]   Centaur CentaurHauls
[    0.000000] x86/fpu: Supporting XSAVE feature 0x001: 'x87 floating point registers'
[    0.000000] x86/fpu: Supporting XSAVE feature 0x002: 'SSE registers'
[    0.000000] x86/fpu: Supporting XSAVE feature 0x004: 'AVX registers'
[    0.000000] x86/fpu: xstate_offset[2]:  576, xstate_sizes[2]:  256
[    0.000000] x86/fpu: Enabled xstate features 0x7, context size is 832 bytes, using 'standard' format.
[    0.000000] e820: BIOS-provided physical RAM map:
[    0.000000] BIOS-e820: [mem 0x0000000000000000-0x000000000009fbff] usable
[    0.000000] BIOS-e820: [mem 0x000000000009fc00-0x000000000009ffff] reserved
[    0.000000] BIOS-e820: [mem 0x00000000000f0000-0x00000000000fffff] reserved
[    0.000000] BIOS-e820: [mem 0x0000000000100000-0x00000000dffeffff] usable
[    0.000000] BIOS-e820: [mem 0x00000000dfff0000-0x00000000dfffffff] ACPI data
[    0.000000] BIOS-e820: [mem 0x00000000fec00000-0x00000000fec00fff] reserved
[    0.000000] BIOS-e820: [mem 0x00000000fee00000-0x00000000fee00fff] reserved
[    0.000000] BIOS-e820: [mem 0x00000000fffc0000-0x00000000ffffffff] reserved
[    0.000000] BIOS-e820: [mem 0x0000000100000000-0x0000000119ffffff] usable
[    0.000000] NX (Execute Disable) protection: active
[    0.000000] SMBIOS 2.5 present.
[    0.000000] DMI: innotek GmbH VirtualBox/VirtualBox, BIOS VirtualBox 12/01/2006
[    0.000000] Hypervisor detected: KVM
[    0.000000] e820: last_pfn = 0x11a000 max_arch_pfn = 0x400000000
[    0.000000] MTRR: Disabled
[    0.000000] x86/PAT: MTRRs disabled, skipping PAT initialization too.
[    0.000000] CPU MTRRs all blank - virtualized system.
[    0.000000] x86/PAT: Configuration [0-7]: WB  WT  UC- UC  WB  WT  UC- UC  
[    0.000000] e820: last_pfn = 0xdfff0 max_arch_pfn = 0x400000000
[    0.000000] found SMP MP-table at [mem 0x0009fff0-0x0009ffff]
[    0.000000] Scanning 1 areas for low memory corruption
[    0.000000] RAMDISK: [mem 0x35a89000-0x36d3bfff]
[    0.000000] ACPI: Early table checksum verification disabled
[    0.000000] ACPI: RSDP 0x00000000000E0000 000024 (v02 VBOX  )
[    0.000000] ACPI: XSDT 0x00000000DFFF0030 00003C (v01 VBOX   VBOXXSDT 00000001 ASL  00000061)
[    0.000000] ACPI: FACP 0x00000000DFFF00F0 0000F4 (v04 VBOX   VBOXFACP 00000001 ASL  00000061)
[    0.000000] ACPI: DSDT 0x00000000DFFF0480 0022EA (v02 VBOX   VBOXBIOS 00000002 INTL 20100528)
[    0.000000] ACPI: FACS 0x00000000DFFF0200 000040
[    0.000000] ACPI: FACS 0x00000000DFFF0200 000040
[    0.000000] ACPI: APIC 0x00000000DFFF0240 00006C (v02 VBOX   VBOXAPIC 00000001 ASL  00000061)
[    0.000000] ACPI: SSDT 0x00000000DFFF02B0 0001CC (v01 VBOX   VBOXCPUT 00000002 INTL 20100528)
[    0.000000] No NUMA configuration found
[    0.000000] Faking a node at [mem 0x0000000000000000-0x0000000119ffffff]
[    0.000000] NODE_DATA(0) allocated [mem 0x119fd3000-0x119ffdfff]
[    0.000000] kvm-clock: cpu 0, msr 1:19f52001, primary cpu clock
[    0.000000] kvm-clock: Using msrs 4b564d01 and 4b564d00
[    0.000000] kvm-clock: using sched offset of 3403601525 cycles
[    0.000000] clocksource: kvm-clock: mask: 0xffffffffffffffff max_cycles: 0x1cd42e4dffb, max_idle_ns: 881590591483 ns
[    0.000000] Zone ranges:
[    0.000000]   DMA      [mem 0x0000000000001000-0x0000000000ffffff]
[    0.000000]   DMA32    [mem 0x0000000001000000-0x00000000ffffffff]
[    0.000000]   Normal   [mem 0x0000000100000000-0x0000000119ffffff]
[    0.000000]   Device   empty
[    0.000000] Movable zone start for each node
[    0.000000] Early memory node ranges
[    0.000000]   node   0: [mem 0x0000000000001000-0x000000000009efff]
[    0.000000]   node   0: [mem 0x0000000000100000-0x00000000dffeffff]
[    0.000000]   node   0: [mem 0x0000000100000000-0x0000000119ffffff]
[    0.000000] Reserved but unavailable: 98 pages
[    0.000000] Initmem setup node 0 [mem 0x0000000000001000-0x0000000119ffffff]
[    0.000000] ACPI: PM-Timer IO Port: 0x4008
[    0.000000] IOAPIC[0]: apic_id 4, version 32, address 0xfec00000, GSI 0-23
[    0.000000] ACPI: INT_SRC_OVR (bus 0 bus_irq 0 global_irq 2 dfl dfl)
[    0.000000] ACPI: INT_SRC_OVR (bus 0 bus_irq 9 global_irq 9 low level)
[    0.000000] Using ACPI (MADT) for SMP configuration information
[    0.000000] smpboot: Allowing 4 CPUs, 0 hotplug CPUs
[    0.000000] PM: Registered nosave memory: [mem 0x00000000-0x00000fff]
[    0.000000] PM: Registered nosave memory: [mem 0x0009f000-0x0009ffff]
[    0.000000] PM: Registered nosave memory: [mem 0x000a0000-0x000effff]
[    0.000000] PM: Registered nosave memory: [mem 0x000f0000-0x000fffff]
[    0.000000] PM: Registered nosave memory: [mem 0xdfff0000-0xdfffffff]
[    0.000000] PM: Registered nosave memory: [mem 0xe0000000-0xfebfffff]
[    0.000000] PM: Registered nosave memory: [mem 0xfec00000-0xfec00fff]
[    0.000000] PM: Registered nosave memory: [mem 0xfec01000-0xfedfffff]
[    0.000000] PM: Registered nosave memory: [mem 0xfee00000-0xfee00fff]
[    0.000000] PM: Registered nosave memory: [mem 0xfee01000-0xfffbffff]
[    0.000000] PM: Registered nosave memory: [mem 0xfffc0000-0xffffffff]
[    0.000000] e820: [mem 0xe0000000-0xfebfffff] available for PCI devices
[    0.000000] Booting paravirtualized kernel on KVM
[    0.000000] clocksource: refined-jiffies: mask: 0xffffffff max_cycles: 0xffffffff, max_idle_ns: 7645519600211568 ns
[    0.000000] random: get_random_bytes called from start_kernel+0x99/0x4fd with crng_init=0
[    0.000000] setup_percpu: NR_CPUS:8192 nr_cpumask_bits:4 nr_cpu_ids:4 nr_node_ids:1
[    0.000000] percpu: Embedded 46 pages/cpu s151552 r8192 d28672 u524288
[    0.000000] PV qspinlock hash table entries: 256 (order: 0, 4096 bytes)
[    0.000000] Built 1 zonelists, mobility grouping on.  Total pages: 1007865
[    0.000000] Policy zone: Normal
[    0.000000] Kernel command line: BOOT_IMAGE=/boot/vmlinuz-4.15.0-66-generic root=LABEL=cloudimg-rootfs ro console=tty1 console=ttyS0
[    0.000000] Memory: 3915376K/4095544K available (12300K kernel code, 2481K rwdata, 4260K rodata, 2436K init, 2388K bss, 180168K reserved, 0K cma-reserved)
[    0.000000] SLUB: HWalign=64, Order=0-3, MinObjects=0, CPUs=4, Nodes=1
[    0.000000] Kernel/User page tables isolation: enabled
[    0.000000] ftrace: allocating 39306 entries in 154 pages
[    0.004000] Hierarchical RCU implementation.
[    0.004000] 	RCU restricting CPUs from NR_CPUS=8192 to nr_cpu_ids=4.
[    0.004000] 	Tasks RCU enabled.
[    0.004000] RCU: Adjusting geometry for rcu_fanout_leaf=16, nr_cpu_ids=4
[    0.004000] NR_IRQS: 524544, nr_irqs: 456, preallocated irqs: 16
[    0.004000] Console: colour VGA+ 80x25
[    0.004000] console [tty1] enabled
[    0.004000] console [ttyS0] enabled
[    0.004000] ACPI: Core revision 20170831
[    0.004000] ACPI: 2 ACPI AML tables successfully acquired and loaded
[    0.004000] APIC: Switch to symmetric I/O mode setup
[    0.004000] x2apic enabled
[    0.004000] Switched APIC routing to physical x2apic.
[    0.004000] ..TIMER: vector=0x30 apic1=0 pin1=2 apic2=-1 pin2=-1
[    0.004003] tsc: Detected 2592.000 MHz processor
[    0.004993] Calibrating delay loop (skipped) preset value.. 5184.00 BogoMIPS (lpj=10368000)
[    0.008069] pid_max: default: 32768 minimum: 301
[    0.008903] Security Framework initialized
[    0.009687] Yama: becoming mindful.
[    0.010282] AppArmor: AppArmor initialized
[    0.012112] Dentry cache hash table entries: 524288 (order: 10, 4194304 bytes)
[    0.014024] Inode-cache hash table entries: 262144 (order: 9, 2097152 bytes)
[    0.016015] Mount-cache hash table entries: 8192 (order: 4, 65536 bytes)
[    0.017151] Mountpoint-cache hash table entries: 8192 (order: 4, 65536 bytes)
[    0.018512] Last level iTLB entries: 4KB 128, 2MB 8, 4MB 8
[    0.019459] Last level dTLB entries: 4KB 64, 2MB 0, 4MB 0, 1GB 4
[    0.020003] Spectre V1 : Mitigation: usercopy/swapgs barriers and __user pointer sanitization
[    0.021657] Spectre V2 : Mitigation: Full generic retpoline
[    0.022692] Spectre V2 : Spectre v2 / SpectreRSB mitigation: Filling RSB on context switch
[    0.024002] Speculative Store Bypass: Vulnerable
[    0.024762] MDS: Mitigation: Clear CPU buffers
[    0.025637] Freeing SMP alternatives memory: 36K
[    0.136678] smpboot: CPU0: Intel(R) Core(TM) i7-8850H CPU @ 2.60GHz (family: 0x6, model: 0x9e, stepping: 0xa)
[    0.138975] Performance Events: unsupported p6 CPU model 158 no PMU driver, software events only.
[    0.140000] Hierarchical SRCU implementation.
[    0.140433] NMI watchdog: Perf event create on CPU 0 failed with -2
[    0.141447] NMI watchdog: Perf NMI watchdog permanently disabled
[    0.142386] smp: Bringing up secondary CPUs ...
[    0.144055] x86: Booting SMP configuration:
[    0.144721] .... node  #0, CPUs:      #1
[    0.004000] kvm-clock: cpu 1, msr 1:19f52041, secondary cpu clock
[    0.148058]  #2
[    0.004000] kvm-clock: cpu 2, msr 1:19f52081, secondary cpu clock
[    0.152063]  #3
[    0.004000] kvm-clock: cpu 3, msr 1:19f520c1, secondary cpu clock
[    0.156004] smp: Brought up 1 node, 4 CPUs
[    0.156795] smpboot: Max logical packages: 1
[    0.157651] smpboot: Total of 4 processors activated (20736.00 BogoMIPS)
[    0.159093] devtmpfs: initialized
[    0.159093] x86/mm: Memory block size: 128MB
[    0.160289] evm: security.selinux
[    0.160884] evm: security.SMACK64
[    0.161576] evm: security.SMACK64EXEC
[    0.162516] evm: security.SMACK64TRANSMUTE
[    0.164002] evm: security.SMACK64MMAP
[    0.164712] evm: security.apparmor
[    0.165366] evm: security.ima
[    0.165911] evm: security.capability
[    0.166617] clocksource: jiffies: mask: 0xffffffff max_cycles: 0xffffffff, max_idle_ns: 7645041785100000 ns
[    0.168012] futex hash table entries: 1024 (order: 4, 65536 bytes)
[    0.169341] pinctrl core: initialized pinctrl subsystem
[    0.172018] RTC time:  9:54:29, date: 11/04/19
[    0.173222] NET: Registered protocol family 16
[    0.174184] audit: initializing netlink subsys (disabled)
[    0.175253] audit: type=2000 audit(1572861274.480:1): state=initialized audit_enabled=0 res=1
[    0.176005] cpuidle: using governor ladder
[    0.176751] cpuidle: using governor menu
[    0.177622] ACPI: bus type PCI registered
[    0.178395] acpiphp: ACPI Hot Plug PCI Controller Driver version: 0.5
[    0.180097] PCI: Using configuration type 1 for base access
[    0.181201] HugeTLB registered 2.00 MiB page size, pre-allocated 0 pages
[    0.184090] ACPI: Added _OSI(Module Device)
[    0.185049] ACPI: Added _OSI(Processor Device)
[    0.185823] ACPI: Added _OSI(3.0 _SCP Extensions)
[    0.188002] ACPI: Added _OSI(Processor Aggregator Device)
[    0.189020] ACPI: Added _OSI(Linux-Dell-Video)
[    0.189767] ACPI: Added _OSI(Linux-Lenovo-NV-HDMI-Audio)
[    0.190734] ACPI: Added _OSI(Linux-HPI-Hybrid-Graphics)
[    0.192265] ACPI: Executed 1 blocks of module-level executable AML code
[    0.197405] ACPI: Interpreter enabled
[    0.198231] ACPI: (supports S0 S5)
[    0.198911] ACPI: Using IOAPIC for interrupt routing
[    0.200294] PCI: Using host bridge windows from ACPI; if necessary, use "pci=nocrs" and report a bug
[    0.202331] ACPI: Enabled 2 GPEs in block 00 to 07
[    0.209980] ACPI: PCI Root Bridge [PCI0] (domain 0000 [bus 00-ff])
[    0.211097] acpi PNP0A03:00: _OSC: OS supports [ASPM ClockPM Segments MSI]
[    0.212491] acpi PNP0A03:00: _OSC: not requesting OS control; OS requires [ExtendedConfig ASPM ClockPM MSI]
[    0.214649] acpi PNP0A03:00: fail to add MMCONFIG information, can't access extended PCI configuration space under this bridge.
[    0.216334] PCI host bridge to bus 0000:00
[    0.218021] pci_bus 0000:00: root bus resource [io  0x0000-0x0cf7 window]
[    0.220004] pci_bus 0000:00: root bus resource [io  0x0d00-0xffff window]
[    0.221234] pci_bus 0000:00: root bus resource [mem 0x000a0000-0x000bffff window]
[    0.222624] pci_bus 0000:00: root bus resource [mem 0xe0000000-0xfdffffff window]
[    0.224004] pci_bus 0000:00: root bus resource [bus 00-ff]
[    0.226742] pci 0000:00:01.1: legacy IDE quirk: reg 0x10: [io  0x01f0-0x01f7]
[    0.228002] pci 0000:00:01.1: legacy IDE quirk: reg 0x14: [io  0x03f6]
[    0.229174] pci 0000:00:01.1: legacy IDE quirk: reg 0x18: [io  0x0170-0x0177]
[    0.230461] pci 0000:00:01.1: legacy IDE quirk: reg 0x1c: [io  0x0376]
[    0.264038] pci 0000:00:07.0: quirk: [io  0x4000-0x403f] claimed by PIIX4 ACPI
[    0.265653] pci 0000:00:07.0: quirk: [io  0x4100-0x410f] claimed by PIIX4 SMB
[    0.277481] ACPI: PCI Interrupt Link [LNKA] (IRQs 5 9 10 *11)
[    0.278955] ACPI: PCI Interrupt Link [LNKB] (IRQs 5 9 *10 11)
[    0.280000] ACPI: PCI Interrupt Link [LNKC] (IRQs 5 *9 10 11)
[    0.280122] ACPI: PCI Interrupt Link [LNKD] (IRQs 5 9 10 *11)
[    0.281543] SCSI subsystem initialized
[    0.282261] pci 0000:00:02.0: vgaarb: setting as boot VGA device
[    0.282261] pci 0000:00:02.0: vgaarb: VGA device added: decodes=io+mem,owns=io+mem,locks=none
[    0.284010] pci 0000:00:02.0: vgaarb: bridge control possible
[    0.285252] vgaarb: loaded
[    0.288027] ACPI: bus type USB registered
[    0.288896] usbcore: registered new interface driver usbfs
[    0.290000] usbcore: registered new interface driver hub
[    0.291025] usbcore: registered new device driver usb
[    0.292023] EDAC MC: Ver: 3.0.0
[    0.292864] PCI: Using ACPI for IRQ routing
[    0.292968] NetLabel: Initializing
[    0.293592] NetLabel:  domain hash size = 128
[    0.294429] NetLabel:  protocols = UNLABELED CIPSOv4 CALIPSO
[    0.296014] NetLabel:  unlabeled traffic allowed by default
[    0.296998] clocksource: Switched to clocksource kvm-clock
[    0.306220] VFS: Disk quotas dquot_6.6.0
[    0.307009] VFS: Dquot-cache hash table entries: 512 (order 0, 4096 bytes)
[    0.308371] AppArmor: AppArmor Filesystem Enabled
[    0.309406] pnp: PnP ACPI init
[    0.311147] pnp: PnP ACPI: found 3 devices
[    0.322345] clocksource: acpi_pm: mask: 0xffffff max_cycles: 0xffffff, max_idle_ns: 2085701024 ns
[    0.323874] NET: Registered protocol family 2
[    0.324820] TCP established hash table entries: 32768 (order: 6, 262144 bytes)
[    0.326096] TCP bind hash table entries: 32768 (order: 7, 524288 bytes)
[    0.327220] TCP: Hash tables configured (established 32768 bind 32768)
[    0.328925] UDP hash table entries: 2048 (order: 4, 65536 bytes)
[    0.329911] UDP-Lite hash table entries: 2048 (order: 4, 65536 bytes)
[    0.331010] NET: Registered protocol family 1
[    0.331807] pci 0000:00:00.0: Limiting direct PCI/PCI transfers
[    0.332845] pci 0000:00:01.0: Activating ISA DMA hang workarounds
[    0.333901] pci 0000:00:02.0: Video device with shadowed ROM at [mem 0x000c0000-0x000dffff]
[    0.335480] Unpacking initramfs...
[    0.551315] Freeing initrd memory: 19148K
[    0.552449] PCI-DMA: Using software bounce buffering for IO (SWIOTLB)
[    0.553617] software IO TLB: mapped [mem 0xdbff0000-0xdfff0000] (64MB)
[    0.554778] clocksource: tsc: mask: 0xffffffffffffffff max_cycles: 0x255cb6cc5db, max_idle_ns: 440795203504 ns
[    0.556671] platform rtc_cmos: registered platform RTC device (no PNP device found)
[    0.558225] Scanning for low memory corruption every 60 seconds
[    0.560159] Initialise system trusted keyrings
[    0.560977] Key type blacklist registered
[    0.561941] workingset: timestamp_bits=36 max_order=20 bucket_order=0
[    0.564159] zbud: loaded
[    0.565290] squashfs: version 4.0 (2009/01/31) Phillip Lougher
[    0.566763] fuse init (API version 7.26)
[    0.570322] Key type asymmetric registered
[    0.571113] Asymmetric key parser 'x509' registered
[    0.572009] Block layer SCSI generic (bsg) driver version 0.4 loaded (major 246)
[    0.573412] io scheduler noop registered
[    0.574090] io scheduler deadline registered
[    0.574871] io scheduler cfq registered (default)
[    0.576334] ACPI: AC Adapter [AC] (on-line)
[    0.577194] input: Power Button as /devices/LNXSYSTM:00/LNXPWRBN:00/input/input0
[    0.578669] ACPI: Power Button [PWRF]
[    0.579491] input: Sleep Button as /devices/LNXSYSTM:00/LNXSLPBN:00/input/input1
[    0.580987] ACPI: Sleep Button [SLPF]
[    0.582869] ACPI: Battery Slot [BAT0] (battery present)
[    0.584216] Serial: 8250/16550 driver, 32 ports, IRQ sharing enabled
[    0.606109] 00:02: ttyS0 at I/O 0x3f8 (irq = 4, base_baud = 115200) is a 16550A
[    0.610706] Linux agpgart interface v0.103
[    0.613365] loop: module loaded
[    0.614382] scsi host0: ata_piix
[    0.615026] scsi host1: ata_piix
[    0.615706] ata1: PATA max UDMA/33 cmd 0x1f0 ctl 0x3f6 bmdma 0xd000 irq 14
[    0.617093] ata2: PATA max UDMA/33 cmd 0x170 ctl 0x376 bmdma 0xd008 irq 15
[    0.618548] libphy: Fixed MDIO Bus: probed
[    0.619452] tun: Universal TUN/TAP device driver, 1.6
[    0.620499] PPP generic driver version 2.4.2
[    0.621254] ehci_hcd: USB 2.0 'Enhanced' Host Controller (EHCI) Driver
[    0.622248] ehci-pci: EHCI PCI platform driver
[    0.623035] ehci-platform: EHCI generic platform driver
[    0.624005] ohci_hcd: USB 1.1 'Open' Host Controller (OHCI) Driver
[    0.625124] ohci-pci: OHCI PCI platform driver
[    0.625842] ohci-platform: OHCI generic platform driver
[    0.626653] uhci_hcd: USB Universal Host Controller Interface driver
[    0.627723] i8042: PNP: PS/2 Controller [PNP0303:PS2K,PNP0f03:PS2M] at 0x60,0x64 irq 1,12
[    0.629617] serio: i8042 KBD port at 0x60,0x64 irq 1
[    0.630523] serio: i8042 AUX port at 0x60,0x64 irq 12
[    0.631555] mousedev: PS/2 mouse device common for all mice
[    0.633204] input: AT Translated Set 2 keyboard as /devices/platform/i8042/serio0/input/input2
[    0.634869] rtc_cmos rtc_cmos: rtc core: registered rtc_cmos as rtc0
[    0.636037] rtc_cmos rtc_cmos: alarms up to one day, 114 bytes nvram
[    0.637173] i2c /dev entries driver
[    0.637835] device-mapper: uevent: version 1.0.3
[    0.638719] device-mapper: ioctl: 4.37.0-ioctl (2017-09-20) initialised: dm-devel@redhat.com
[    0.640376] ledtrig-cpu: registered to indicate activity on CPUs
[    0.641662] NET: Registered protocol family 10
[    0.645764] Segment Routing with IPv6
[    0.646430] NET: Registered protocol family 17
[    0.647894] Key type dns_resolver registered
[    0.649082] mce: Using 0 MCE banks
[    0.649712] RAS: Correctable Errors collector initialized.
[    0.650638] sched_clock: Marking stable (649065007, 0)->(869580178, -220515171)
[    0.653403] registered taskstats version 1
[    0.654125] Loading compiled-in X.509 certificates
[    0.656989] Loaded X.509 cert 'Build time autogenerated kernel key: 01a66adcc10ca4ce7676a3458c33483b0e2b806e'
[    0.658598] zswap: loaded using pool lzo/zbud
[    0.662795] Key type big_key registered
[    0.663434] Key type trusted registered
[    0.665591] Key type encrypted registered
[    0.666325] AppArmor: AppArmor sha1 policy hashing enabled
[    0.667377] ima: No TPM chip found, activating TPM-bypass! (rc=-19)
[    0.668629] ima: Allocated hash algorithm: sha1
[    0.669628] evm: HMAC attrs: 0x1
[    0.670364]   Magic number: 11:175:929
[    0.671151] rtc_cmos rtc_cmos: setting system clock to 2019-11-04 09:54:30 UTC (1572861270)
[    0.672764] BIOS EDD facility v0.16 2004-Jun-25, 0 devices found
[    0.673752] EDD information not available.
[    0.786874] Freeing unused kernel image memory: 2436K
[    0.800326] Write protecting the kernel read-only data: 20480k
[    0.802312] Freeing unused kernel image memory: 2008K
[    0.803522] Freeing unused kernel image memory: 1884K
[    0.812626] x86/mm: Checked W+X mappings: passed, no W+X pages found.
[    0.814370] x86/mm: Checking user space page tables
[    0.822075] x86/mm: Checked W+X mappings: passed, no W+X pages found.
Loading, please wait...
starting version 237
[    0.872828] e1000: Intel(R) PRO/1000 Network Driver - version 7.3.21-k8-NAPI
[    0.874048] e1000: Copyright (c) 1999-2006 Intel Corporation.
[    0.878037] Fusion MPT base driver 3.04.20
[    0.878893] Copyright (c) 1999-2008 LSI Corporation
[    0.885291] Fusion MPT SPI Host driver 3.04.20
[    0.886347] AVX2 version of gcm_enc/dec engaged.
[    0.887180] AES CTR mode by8 optimization enabled
[    1.083107] input: ImExPS/2 Generic Explorer Mouse as /devices/platform/i8042/serio1/input/input4
[    1.258243] e1000 0000:00:03.0 eth0: (PCI:33MHz:32-bit) 02:b5:0e:9d:9f:27
[    1.259522] e1000 0000:00:03.0 eth0: Intel(R) PRO/1000 Network Connection
[    1.261592] e1000 0000:00:03.0 enp0s3: renamed from eth0
[    1.261733] mptbase: ioc0: Initiating bringup
[    1.382984] ioc0: LSI53C1030 A0: Capabilities={Initiator}
[    2.712791] scsi host2: ioc0: LSI53C1030 A0, FwRev=00000000h, Ports=1, MaxQ=256, IRQ=20
[    3.257484] scsi 2:0:0:0: Direct-Access     VBOX     HARDDISK         1.0  PQ: 0 ANSI: 5
[    3.298772] scsi target2:0:0: Beginning Domain Validation
[    3.303395] scsi target2:0:0: Domain Validation skipping write tests
[    3.304525] scsi target2:0:0: Ending Domain Validation
[    3.305882] scsi target2:0:0: asynchronous
[    3.308263] scsi 2:0:1:0: Direct-Access     VBOX     HARDDISK         1.0  PQ: 0 ANSI: 5
[    3.401222] scsi target2:0:1: Beginning Domain Validation
[    3.405130] random: fast init done
[    3.406016] scsi target2:0:1: Domain Validation skipping write tests
[    3.407092] scsi target2:0:1: Ending Domain Validation
[    3.408133] scsi target2:0:1: asynchronous
[    3.413439] random: systemd-udevd: uninitialized urandom read (16 bytes read)
[    3.413458] sd 2:0:0:0: Attached scsi generic sg0 type 0
[    3.413729] sd 2:0:0:0: [sda] 20971520 512-byte logical blocks: (10.7 GB/10.0 GiB)
[    3.413822] sd 2:0:0:0: [sda] Write Protect is off
[    3.413922] sd 2:0:0:0: [sda] Incomplete mode parameter data
[    3.413923] sd 2:0:0:0: [sda] Assuming drive cache: write through
[    3.414839] random: systemd-udevd: uninitialized urandom read (16 bytes read)
[    3.416905] sd 2:0:1:0: Attached scsi generic sg1 type 0
[    3.417949]  sda: sda1
[    3.418438] random: systemd-udevd: uninitialized urandom read (16 bytes read)
[    3.419914] sd 2:0:1:0: [sdb] 20480 512-byte logical blocks: (10.5 MB/10.0 MiB)
[    3.420158] sd 2:0:0:0: [sda] Attached SCSI disk
[    3.427655] sd 2:0:1:0: [sdb] Write Protect is off
[    3.428996] sd 2:0:1:0: [sdb] Incomplete mode parameter data
[    3.429980] sd 2:0:1:0: [sdb] Assuming drive cache: write through
[    3.435525] sd 2:0:1:0: [sdb] Attached SCSI disk
Begin: Loading essential drivers ... [    4.964605] raid6: sse2x1   gen() 13754 MB/s
[    5.012153] raid6: sse2x1   xor()  9887 MB/s
[    5.060022] raid6: sse2x2   gen() 16806 MB/s
[    5.108256] raid6: sse2x2   xor() 10756 MB/s
[    5.156079] raid6: sse2x4   gen() 19284 MB/s
[    5.204921] raid6: sse2x4   xor() 11951 MB/s
[    5.252698] raid6: avx2x1   gen() 26993 MB/s
[    5.300544] raid6: avx2x1   xor() 19410 MB/s
[    5.348368] raid6: avx2x2   gen() 34701 MB/s
[    5.396202] raid6: avx2x2   xor() 21137 MB/s
[    5.444025] raid6: avx2x4   gen() 37546 MB/s
[    5.492797] raid6: avx2x4   xor() 23122 MB/s
[    5.493630] raid6: using algorithm avx2x4 gen() 37546 MB/s
[    5.494696] raid6: .... xor() 23122 MB/s, rmw enabled
[    5.495823] raid6: using avx2x2 recovery algorithm
[    5.498040] xor: automatically using best checksumming function   avx       
[    5.500792] async_tx: api initialized (async)
done.
Begin: Running /scripts/init-premount ... done.
Begin: Mounting root file system ... Begin: Running /scripts/local-top ... done.
Begin: Running /scripts/local-premount ... [    5.538747] Btrfs loaded, crc32c=crc32c-intel
Scanning for Btrfs filesystems
done.
Warning: fsck not present, so skipping root file system
[    5.563371] EXT4-fs (sda1): mounted filesystem with ordered data mode. Opts: (null)
done.
Begin: Running /scripts/local-bottom ... done.
Begin: Running /scripts/init-bottom ... done.
[    5.708851] ip_tables: (C) 2000-2006 Netfilter Core Team
[    5.716373] systemd[1]: systemd 237 running in system mode. (+PAM +AUDIT +SELINUX +IMA +APPARMOR +SMACK +SYSVINIT +UTMP +LIBCRYPTSETUP +GCRYPT +GNUTLS +ACL +XZ +LZ4 +SECCOMP +BLKID +ELFUTILS +KMOD -IDN2 +IDN -PCRE2 default-hierarchy=hybrid)
[    5.719869] systemd[1]: Detected virtualization oracle.
[    5.720766] systemd[1]: Detected architecture x86-64.

Welcome to [1mUbuntu 18.04.3 LTS[0m!

[    5.728079] systemd[1]: Set hostname to <ubuntu>.
[    5.730681] systemd[1]: Initializing machine ID from random generator.
[    5.731727] systemd[1]: Installed transient /etc/machine-id file.
[    5.915611] systemd[1]: Reached target System Time Synchronized.
[[0;32m  OK  [0m] Reached target System Time Synchronized.
[    5.919620] systemd[1]: Created slice System Slice.
[[0;32m  OK  [0m] Created slice System Slice.
[    5.936333] systemd[1]: Listening on udev Control Socket.
[[0;32m  OK  [0m] Listening on udev Control Socket.
[    5.937910] systemd[1]: Reached target Swap.
[[0;32m  OK  [0m] Reached target Swap.
[[0;32m  OK  [0m] Started Forward Password Requests to Wall Directory Watch.
[[0;32m  OK  [0m] Created slice User and Session Slice.
[[0;32m  OK  [0m] Listening on Device-mapper event daemon FIFOs.
[[0;32m  OK  [0m] Reached target User and Group Name Lookups.
[[0;32m  OK  [0m] Listening on Network Service Netlink Socket.
[[0;32m  OK  [0m] Reached target Slices.
[[0;32m  OK  [0m] Created slice system-serial\x2dgetty.slice.
[[0;32m  OK  [0m] Listening on LVM2 metadata daemon socket.
[[0;32m  OK  [0m] Listening on Journal Audit Socket.
[[0;32m  OK  [0m] Listening on Journal Socket.
         Starting Load Kernel Modules...
         Starting Uncomplicated firewall...
         Starting Monitoring of LVM2 mirrors…ng dmeventd or progress polling...
         Mounting Kernel Debug File System...
[[0;32m  OK  [0m] Listening on /dev/initctl Compatibility Named Pipe.
[[0;32m  OK  [0m] Listening on LVM2 poll daemon socket.
[    6.018370] Loading iSCSI transport class v2.0-870.
[    6.023877] iscsi: registered transport (tcp)
[[0;32m  OK  [0m] Listening on Journal Socket (/dev/log).
[    6.038023] iscsi: registered transport (iser)
         Starting Remount Root and Kernel File Systems...
         Starting Set the console keyboard layout...
         Starting Create list of required st…ce nodes for the current kernel...
         Mounting POSIX Message Queue File System...
[[0;32m  OK  [0m] Set up automount Arbitrary Executab…rmats File System Automount Point.
[[0;32m  OK  [0m] Listening on udev Kernel Socket.
         Starting udev Coldplug all Devices...
         Mounting Huge Pages File System...
[    6.093949] EXT4-fs (sda1): re-mounted. Opts: (null)
[[0;32m  OK  [0m] Listening on Syslog Socket.
         Starting Journal Service...
[[0;32m  OK  [0m] Started Load Kernel Modules.
[[0;32m  OK  [0m] Started Uncomplicated firewall.
[[0;32m  OK  [0m] Mounted Kernel Debug File System.
[[0;32m  OK  [0m] Started Journal Service.
[[0;32m  OK  [0m] Started Remount Root and Kernel File Systems.
[[0;32m  OK  [0m] Started Create list of required sta…vice nodes for the current kernel.
[[0;32m  OK  [0m] Mounted POSIX Message Queue File System.
[[0;32m  OK  [0m] Mounted Huge Pages File System.
[[0;32m  OK  [0m] Started LVM2 metadata daemon.
         Starting Create Static Device Nodes in /dev...
         Starting Load/Save Random Seed...
         Starting Flush Journal to Persistent Storage...
         Mounting FUSE Control File System...
         Mounting Kernel Configuration File System...
         Starting Apply Kernel Variables...
[[0;32m  OK  [0m] Started Monitoring of LVM2 mirrors,…sing dmeventd or progress polling.
[[0;32m  OK  [0m] Started Set the console keyboard layout.
[[0;32m  OK  [0m] Started udev Coldplug all Devices.
[[0;32m  OK  [0m] Started Load/Save Random Seed.
[[0;32m  OK  [0m] Mounted FUSE Control File System.
[[0;32m  OK  [0m] Started Create Static Device Nodes in /dev.
[[0;32m  OK  [0m] Mounted Kernel Configuration File System.
[[0;32m  OK  [0m] Started Apply Kernel Variables.
         Starting udev Kernel Device Manager...
[[0;32m  OK  [0m] Reached target Local File Systems (Pre).
[[0;32m  OK  [0m] Reached target Local File Systems.
         Starting AppArmor initialization...
         Starting Set console font and keymap...
         Starting Tell Plymouth To Write Out Runtime Data...
         Starting Commit a transient machine-id on disk...
         Starting ebtables ruleset management...
[[0;32m  OK  [0m] Started Set console font and keymap.
[[0;32m  OK  [0m] Started Tell Plymouth To Write Out Runtime Data.
[[0;32m  OK  [0m] Started udev Kernel Device Manager.
[[0;32m  OK  [0m] Started Dispatch Password Requests to Console Directory Watch.
[[0;32m  OK  [0m] Reached target Local Encrypted Volumes.
[[0;32m  OK  [0m] Started ebtables ruleset management.
[[0;32m  OK  [0m] Started Flush Journal to Persistent Storage.
[[0;32m  OK  [0m] Started Commit a transient machine-id on disk.
[[0;32m  OK  [0m] Found device /dev/ttyS0.
         Starting Create Volatile Files and Directories...
[[0;32m  OK  [0m] Started Create Volatile Files and Directories.
         Starting Update UTMP about System Boot/Shutdown...
[[0;32m  OK  [0m] Started Update UTMP about System Boot/Shutdown.
[[0;32m  OK  [0m] Listening on Load/Save RF Kill Switch Status /dev/rfkill Watch.
[[0;32m  OK  [0m] Started AppArmor initialization.
         Starting Initial cloud-init job (pre-networking)...
[    8.240318] cloud-init[580]: Cloud-init v. 19.2-36-g059d049c-0ubuntu2~18.04.1 running 'init-local' at Mon, 04 Nov 2019 09:54:37 +0000. Up 7.85 seconds.
[[0;32m  OK  [0m] Started Initial cloud-init job (pre-networking).
[[0;32m  OK  [0m] Reached target Network (Pre).
         Starting Network Service...
[[0;32m  OK  [0m] Started Network Service.
         Starting Wait for Network to be Configured...
         Starting Network Name Resolution...
[[0;32m  OK  [0m] Started Network Name Resolution.
[[0;32m  OK  [0m] Reached target Network.
[[0;32m  OK  [0m] Reached target Host and Network Name Lookups.
[[0;32m  OK  [0m] Started Wait for Network to be Configured.
         Starting Initial cloud-init job (metadata service crawler)...
[   10.558630] cloud-init[695]: Cloud-init v. 19.2-36-g059d049c-0ubuntu2~18.04.1 running 'init' at Mon, 04 Nov 2019 09:54:40 +0000. Up 10.38 seconds.
[   10.568380] cloud-init[695]: ci-info: +++++++++++++++++++++++++++++++++++++Net device info++++++++++++++++++++++++++++++++++++++
[   10.569398] cloud-init[695]: ci-info: +--------+------+---------------------------+---------------+--------+-------------------+
[   10.570659] cloud-init[695]: ci-info: | Device |  Up  |          Address          |      Mask     | Scope  |     Hw-Address    |
[   10.571471] cloud-init[695]: ci-info: +--------+------+---------------------------+---------------+--------+-------------------+
[   10.572253] cloud-init[695]: ci-info: | enp0s3 | True |         10.0.2.15         | 255.255.255.0 | global | 02:b5:0e:9d:9f:27 |
[   10.573725] cloud-init[695]: ci-info: | enp0s3 | True | fe80::b5:eff:fe9d:9f27/64 |       .       |  link  | 02:b5:0e:9d:9f:27 |
[   10.588452] cloud-init[695]: ci-info: |   lo   | True |         127.0.0.1         |   255.0.0.0   |  host  |         .         |
[   10.590631] cloud-init[695]: ci-info: |   lo   | True |          ::1/128          |       .       |  host  |         .         |
[   10.604946] cloud-init[695]: ci-info: +--------+------+---------------------------+---------------+--------+-------------------+
[   10.606353] cloud-init[695]: ci-info: ++++++++++++++++++++++++++++Route IPv4 info+++++++++++++++++++++++++++++
[   10.607598] cloud-init[695]: ci-info: +-------+-------------+----------+-----------------+-----------+-------+
[   10.620246] cloud-init[695]: ci-info: | Route | Destination | Gateway  |     Genmask     | Interface | Flags |
[   10.621176] cloud-init[695]: ci-info: +-------+-------------+----------+-----------------+-----------+-------+
[   10.622186] cloud-init[695]: ci-info: |   0   |   0.0.0.0   | 10.0.2.2 |     0.0.0.0     |   enp0s3  |   UG  |
[   10.623352] cloud-init[695]: ci-info: |   1   |   10.0.2.0  | 0.0.0.0  |  255.255.255.0  |   enp0s3  |   U   |
[   10.624534] cloud-init[695]: ci-info: |   2   |   10.0.2.2  | 0.0.0.0  | 255.255.255.255 |   enp0s3  |   UH  |
[   10.636449] cloud-init[695]: ci-info: +-------+-------------+----------+-----------------+-----------+-------+
[   10.637487] cloud-init[695]: ci-info: +++++++++++++++++++Route IPv6 info+++++++++++++++++++
[   10.638428] cloud-init[695]: ci-info: +-------+-------------+---------+-----------+-------+
[   10.648608] cloud-init[695]: ci-info: | Route | Destination | Gateway | Interface | Flags |
[   10.660297] cloud-init[695]: ci-info: +-------+-------------+---------+-----------+-------+
[   10.660978] cloud-init[695]: ci-info: |   1   |  fe80::/64  |    ::   |   enp0s3  |   U   |
[   10.661529] cloud-init[695]: ci-info: |   3   |    local    |    ::   |   enp0s3  |   U   |
[   10.662101] cloud-init[695]: ci-info: |   4   |   ff00::/8  |    ::   |   enp0s3  |   U   |
[   10.663074] cloud-init[695]: ci-info: +-------+-------------+---------+-----------+-------+
[   11.537507] cloud-init[695]: Generating public/private rsa key pair.
[   11.538347] cloud-init[695]: Your identification has been saved in /etc/ssh/ssh_host_rsa_key.
[   11.539378] cloud-init[695]: Your public key has been saved in /etc/ssh/ssh_host_rsa_key.pub.
[   11.540813] cloud-init[695]: The key fingerprint is:
[   11.541453] cloud-init[695]: SHA256:M76picI2gLcP93wcfF6BZEkSGEyO+PZWNRXUsuVRcKo root@ubuntu-bionic
[   11.542502] cloud-init[695]: The key's randomart image is:
[   11.543211] cloud-init[695]: +---[RSA 2048]----+
[   11.543918] cloud-init[695]: |     ooooo.o+o.oo|
[   11.556677] cloud-init[695]: |   . oo  .+.. +o |
[   11.557508] cloud-init[695]: |  . . .  oo. =.. |
[   11.558144] cloud-init[695]: |   .     ...o..  |
[   11.568834] cloud-init[695]: |.   o  .S   E.   |
[   11.569785] cloud-init[695]: |o .. . ooo. .    |
[   11.570731] cloud-init[695]: | +... o..+ .     |
[   11.571421] cloud-init[695]: |  *o = .oo.      |
[   11.572334] cloud-init[695]: | . +o =oo        |
[   11.584495] cloud-init[695]: +----[SHA256]-----+
[   11.585216] cloud-init[695]: Generating public/private dsa key pair.
[[0;32m  OK  [0m] Started Initial cloud-init job (metadata service crawler).
[   11.596269] cloud-init[695]: Your identification has been saved in /etc/ssh/ssh_host_dsa_key.
[[0;32m  OK  [0m] Reached target Network is Online.
[   11.610339] cloud-init[695]: Your public key has been saved in /etc/ssh/ssh_host_dsa_key.pub.
[[0;32m  OK  [0m] Reached target Remote File Systems (Pre).
[   11.612167] [cloud-init[0;32m  OK  [0m[695]: ] The key fingerprint is:Reached target Remote File Systems.

         Starting Availability of block devices...
[[   11.625333] [0;32m  OK  [0mcloud-init] [695]: Reached target System Initialization.SHA256:Lqaa89aZVBbX1KAEJIQoB/hzygDyEQ0YVj2Zq9FzEn8 root@ubuntu-bionic

[[0;32m  OK  [0m] Listening on UUID daemon activation socket.
[   11.651261] cloud-init[695]: The key's randomart image is:
[   11.652299] [cloud-init[0;32m  OK  [0m[695]: ] Started Daily apt download activities.+---[DSA 1024]----+

[[0;32m  OK  [0m] Started ACPI Events Check.
[[0;32m  OK  [0m] Reached target Paths.
[   11.653278] cloud-init[695]: |+=+*.o=.o..ooo   |
[   11.654526] cloud-init[695]: |B + o* ...... .  |
[[0;32m  OK  [0m] Listening on ACPID Listen Socket.
[   11.664220] cloud-init[695]: |o= .. =  o.      |
         Starting LXD - unix socket.
[   11.688831] cloud-init[695]: |. +..= ooE       |
[[0;32m  OK  [0m] Started Message of the Day.[   11.700659] 
cloud-init[695]: | o +o +oS        |
[[0;32m  OK  [0m] Started Daily Cleanup of Temporary Directories.
[   11.712216] cloud-init[695]: |  o.  ..         |
[   11.724947]          cloud-initStarting Socket activation for snappy daemon.[695]: 
|     ooo.        |
[   11.725806] cloud-init[695]: |  ...o+.         |
[   11.725866] cloud-init[695]: |  o=o            |[
[0;32m  OK  [0m] Started Daily apt upgrade and clean activities.
[   11.725939] cloud-init[695]: +----[SHA256]-----+
[   11.727601] cloud-init[695]: Generating public/private ecdsa key pair.
[[0;32m  OK  [0m] Listening on D-Bus System Message Bus Socket.
[   11.727659] cloud-init[695]: Your identification has been saved in /etc/ssh/ssh_host_ecdsa_key.
[[   11.745042] [0;32m  OK  [0mcloud-init] [695]: Listening on Open-iSCSI iscsid Socket.Your public key has been saved in /etc/ssh/ssh_host_ecdsa_key.pub.

[   11.745987] [cloud-init[0;32m  OK  [0m[695]: ] The key fingerprint is:Started Discard unused blocks once a week.

[[0;32m  OK  [0m] Reached target Timers.
[   11.746052] cloud-init[695]: SHA256:CjM5gAsYoNVs5FePKfM9YPpb1NOwdZJiKY2B1zlYsoU root@ubuntu-bionic
[[0;32m  OK  [0m] Reached target Cloud-config availability.
[   11.747337] cloud-init[695]: The key's randomart image is:
[[0;32m  OK  [0m] Started Availability of block devices.
[   11.749547] cloud-init[695]: +---[ECDSA 256]---+
[[0;32m  OK  [0m] Listening on LXD - unix socket.
[   11.750742] cloud-init[695]: |+ .+.   ..o=o.   |
[[0;32m  OK  [0m] Listening on Socket activation for snappy daemon.
[   11.773425] cloud-init[695]: |o+ .+  ..+EB+. . |
[   11.784604] [cloud-init[0;32m  OK  [0m[695]: ] |= ... + =.= *.+ .|Reached target Sockets.

[[0;32m  OK  [0m] Reached target Basic System.
[   11.801139] cloud-init[695]: |.. . o * o + * o |
[   11.801623] cloud-init[695]: |.   * . S + + .  |
[[0;32m  OK  [0m] Started Deferred execution scheduler.
[   11.819515] cloud-init[695]: |     = o . . .   |
[[0;32m  OK  [0m] Started irqbalance daemon.
[   11.837083] cloud-init[695]: |      . . .      |
[   11.837734] cloud-init[695]: |         o       |
         Starting System Logging Service...
[   11.848243] cloud-init[695]: |        .        |
[   11.864843] cloud-init[695]: +----[SHA256]-----+
[   11.877141] [cloud-init[0;32m  OK  [0m[695]: ] Generating public/private ed25519 key pair.Started Regular background program processing daemon.

[   11.878280] cloud-init[695]: Your identification has been saved in /etc/ssh/ssh_host_ed25519_key.
         Starting Accounts Service...
[   11.878481] cloud-init[695]: Your public key has been saved in /etc/ssh/ssh_host_ed25519_key.pub.
[   11.880308] cloud-init[695]: The key fingerprint is:
[   11.892490] cloud-init[695]: SHA256:vc5JMv+Z5NYhB77FtJdZvS/kExhHsHZ78HJIk5Tp8mE root@ubuntu-bionic
         Starting Pollinate to seed the pseudo random number generator...
[   11.908454] cloud-init[695]: The key's randomart image is:
[   11.924224] [[0;32m  OK  [0m] Started D-Bus System Message Bus.
cloud-init[695]: +--[ED25519 256]--+
[   11.925874] cloud-init[695]: |            ...o |
[   11.926587] cloud-init[695]: |             o+. |
[   11.927282] cloud-init[695]: |            oo* .|
[   11.927966] cloud-init[695]: |         . .+oE*o|
[   11.928595] cloud-init[695]: |        S .. @+oO|
[   11.929299] cloud-init[695]: |           .+ XB.|
[   11.929939] cloud-init[695]: |        o o .O +.|
[   11.930471] cloud-init[695]: |         B +oo= .|
[   11.931570] cloud-init[695]: |          =o=  o |
[   11.932338] cloud-init[695]: +----[SHA256]-----+
         Starting Login Service...
         Starting Dispatcher daemon for systemd-networkd...
         Starting Permit User Sessions...
         Starting Snappy daemon...
         Starting Virtualbox guest utils...
[[0;32m  OK  [0m] Started FUSE filesystem for LXC.
         Starting LXD - container startup/shutdown...
         Starting LSB: Record successful boot for GRUB...
         Starting LSB: automatic crash report generation...
[[0;32m  OK  [0m] Started System Logging Service.
[[0;32m  OK  [0m] Started Permit User Sessions.
[[0;32m  OK  [0m] Started Login Service.
[[0;32m  OK  [0m] Started Unattended Upgrades Shutdown.
         Starting Authorization Manager...
         Starting Terminate Plymouth Boot Screen...
         Starting Hold until boot process finishes up...
[[0;32m  OK  [0m] Started Hold until boot process finishes up.
[[0;32m  OK  [0m] Started Serial Getty on ttyS0.
         Starting Set console scheme...
[[0;32m  OK  [0m] Started Terminate Plymouth Boot Screen.
[[0;32m  OK  [0m] Started LXD - container startup/shutdown.
[[0;32m  OK  [0m] Started Set console scheme.
[[0;32m  OK  [0m] Created slice system-getty.slice.
[[0;32m  OK  [0m] Started Getty on tty1.
[[0;32m  OK  [0m] Reached target Login Prompts.
[[0;32m  OK  [0m] Started Authorization Manager.
[[0;32m  OK  [0m] Started Accounts Service.
[[0;32m  OK  [0m] Started Virtualbox guest utils.
[[0;32m  OK  [0m] Started LSB: automatic crash report generation.
[[0;32m  OK  [0m] Started LSB: Record successful boot for GRUB.
[[0;32m  OK  [0m] Started Dispatcher daemon for systemd-networkd.
[[0;32m  OK  [0m] Started Snappy daemon.
         Starting Wait until snapd is fully seeded...
[[0;32m  OK  [0m] Started Wait until snapd is fully seeded.
         Starting Apply the settings specified in cloud-config...
[   15.073978] cloud-init[1296]: Cloud-init v. 19.2-36-g059d049c-0ubuntu2~18.04.1 running 'modules:config' at Mon, 04 Nov 2019 09:54:44 +0000. Up 14.69 seconds.
[[0;32m  OK  [0m] Started Apply the settings specified in cloud-config.

Ubuntu 18.04.3 LTS ubuntu-bionic ttyS0

ubuntu-bionic login: ci-info: no authorized ssh keys fingerprints found for user ubuntu.
<14>Nov  4 09:54:48 ec2: 
<14>Nov  4 09:54:48 ec2: #############################################################
<14>Nov  4 09:54:48 ec2: -----BEGIN SSH HOST KEY FINGERPRINTS-----
<14>Nov  4 09:54:48 ec2: 1024 SHA256:Lqaa89aZVBbX1KAEJIQoB/hzygDyEQ0YVj2Zq9FzEn8 root@ubuntu-bionic (DSA)
<14>Nov  4 09:54:48 ec2: 256 SHA256:CjM5gAsYoNVs5FePKfM9YPpb1NOwdZJiKY2B1zlYsoU root@ubuntu-bionic (ECDSA)
<14>Nov  4 09:54:48 ec2: 256 SHA256:vc5JMv+Z5NYhB77FtJdZvS/kExhHsHZ78HJIk5Tp8mE root@ubuntu-bionic (ED25519)
<14>Nov  4 09:54:48 ec2: 2048 SHA256:M76picI2gLcP93wcfF6BZEkSGEyO+PZWNRXUsuVRcKo root@ubuntu-bionic (RSA)
<14>Nov  4 09:54:48 ec2: -----END SSH HOST KEY FINGERPRINTS-----
<14>Nov  4 09:54:48 ec2: #############################################################
-----BEGIN SSH HOST KEY KEYS-----
ecdsa-sha2-nistp256 AAAAE2VjZHNhLXNoYTItbmlzdHAyNTYAAAAIbmlzdHAyNTYAAABBBKuzcvxKxVp7oIaZ0G7FhrBYv8yKTzb/NO80RbbgYOpMJOsljFGe7QFPmFCnZKLfaIcX5qCJuQMNULYAMQf/9a4= root@ubuntu-bionic
ssh-ed25519 AAAAC3NzaC1lZDI1NTE5AAAAIEXSgiNIJsxrmR3yMje0xXSKkCfvBIpLFD9azlcspyMK root@ubuntu-bionic
ssh-rsa AAAAB3NzaC1yc2EAAAADAQABAAABAQDlq1upNFvAIOerhDCOp9YnwpkC5wOtbPk18OzO0Iw4lmP5e4Dd8Nu20sCGFg4L39wy6uURtWcShGx6BZDe82ZrM7WGUr9D5+eEzV2BwXCd0vp0TbCI+6dSkcDYlzsS5LXkARC2j5zz/RYpwzolK99LPwu1GWONgqX+GpX6e14aymrwVawJSHh0qe7pH8ZmXH7K4YjwYN2h1b25Cxqoq4JFOGW0gclYffeU/Wu7ydA29hRP49wM6F5nGZeh98/caM4NHuSanyom6+JTHb3cY1AMf6FpL79nda2yryFBcaxjQI7O001uoW7uinFzi9ZaMiJqxRmEify7UrKH7cA3mCtR root@ubuntu-bionic
-----END SSH HOST KEY KEYS-----
[   18.903206] cloud-init[1393]: Cloud-init v. 19.2-36-g059d049c-0ubuntu2~18.04.1 running 'modules:final' at Mon, 04 Nov 2019 09:54:48 +0000. Up 18.69 seconds.
[   18.903289] cloud-init[1393]: ci-info: no authorized ssh keys fingerprints found for user ubuntu.
[   18.903330] cloud-init[1393]: Cloud-init v. 19.2-36-g059d049c-0ubuntu2~18.04.1 finished at Mon, 04 Nov 2019 09:54:48 +0000. Datasource DataSourceNoCloud [seed=/dev/sdb][dsmode=net].  Up 18.89 seconds
[[0;32m  OK  [0m] Stopped target Graphical Interface.
[[0;32m  OK  [0m] Stopped target Timers.
[[0;32m  OK  [0m] Stopped Daily apt upgrade and clean activities.
[[0;32m  OK  [0m] Stopped Daily Cleanup of Temporary Directories.
[[0;32m  OK  [0m] Stopped Discard unused blocks once a week.
[[0;32m  OK  [0m] Stopped Message of the Day.
[[0;32m  OK  [0m] Stopped target Host and Network Name Lookups.
         Stopping User Manager for UID 0...
         Stopping Session 3 of user vagrant.
[[0;32m  OK  [0m] Stopped Daily apt download activities.
[[0;32m  OK  [0m] Closed Load/Save RF Kill Switch Status /dev/rfkill Watch.
         Stopping Authorization Manager...
         Stopping Availability of block devices...
         Stopping Session 22 of user root.
[[0;32m  OK  [0m] Stopped target Cloud-init target.
[[0;32m  OK  [0m] Stopped Execute cloud user/final scripts.
[[0;32m  OK  [0m] Stopped Apply the settings specified in cloud-config.
[[0;32m  OK  [0m] Stopped target Cloud-config availability.
[[0;32m  OK  [0m] Stopped target Multi-User System.
         Stopping LXD - container startup/shutdown...
         Stopping Docker Application Container Engine...
         Stopping Deferred execution scheduler...
         Stopping FUSE filesystem for LXC...
         Stopping irqbalance daemon...
         Stopping LSB: Record successful boot for GRUB...
         Stopping System Logging Service...
         Stopping Virtualbox guest utils...
[[0;32m  OK  [0m] Stopped Wait until snapd is fully seeded.
         Stopping D-Bus System Message Bus...
         Stopping Unattended Upgrades Shutdown...
         Stopping LSB: automatic crash report generation...
         Stopping Accounts Service...
[[0;32m  OK  [0m] Stopped target Login Prompts.
         Stopping Getty on tty1...
         Stopping Serial Getty on ttyS0...
         Stopping OpenBSD Secure Shell server.         Stopping Session 24 of user root.
[[0;32m  OK  [0m] Unmounted /var/lib/lxcfs.
[[0;32m  OK  [0m] Stopped Deferred execution scheduler.
[[0;32m  OK  [0m] Stopped irqbalance daemon.
[[0;32m  OK  [0m] Stopped System Logging Service.
[[0;32m  OK  [0m] Stopped Regular background program processing daemon.
[[0;32m  OK  [0m] Stopped Accounts Service.
[[0;32m  OK  [0m] Stopped Dispatcher daemon for systemd-networkd.
[[0;32m  OK  [0m] Stopped Unattended Upgrades Shutdown.
[[0;32m  OK  [0m] Stopped Authorization Manager.
[[0;32m  OK  [0m] Stopped Serial Getty on ttyS0.
[[0;32m  OK  [0m] Stopped Getty on tty1.
[[0;32m  OK  [0m] Stopped User Manager for UID 1000.
[[0;32m  OK  [0m] Stopped Docker Application Container Engine.
[[0;32m  OK  [0m] Stopped OpenBSD Secure Shell server.
[[0;32m  OK  [0m] Stopped User Manager for UID 0.
[[0;32m  OK  [0m] Stopped Availability of block devices.
[[0;32m  OK  [0m] Stopped D-Bus System Message Bus.
[[0;32m  OK  [0m] Stopped FUSE filesystem for LXC.
[[0;32m  OK  [0m] Stopped Session 24 of user root.
[[0;32m  OK  [0m] Stopped Session 22 of user root.
[[0;32m  OK  [0m] Stopped Session 3 of user vagrant.
[[0;32m  OK  [0m] Stopped LXD - container startup/shutdown.
[[0;32m  OK  [0m] Stopped LSB: Record successful boot for GRUB.
[[0;32m  OK  [0m] Stopped LSB: automatic crash report generation.
[[0;32m  OK  [0m] Removed slice User Slice of root.
[[0;32m  OK  [0m] Stopped target Network is Online.
         Stopping containerd container runtime...
[[0;32m  OK  [0m] Removed slice User Slice of vagrant.
[[0;32m  OK  [0m] Removed slice system-getty.slice.
[[0;32m  OK  [0m] Removed slice system-serial\x2dgetty.slice.
         Stopping Permit User Sessions...
         Stopping Login Service...
[[0;32m  OK  [0m] Stopped containerd container runtime.
[[0;32m  OK  [0m] Stopped Virtualbox guest utils.
[[0;32m  OK  [0m] Stopped Permit User Sessions.
[[0;32m  OK  [0m] Stopped target Remote File Systems.
[[0;32m  OK  [0m] Stopped target Remote File Systems (Pre).
[[0;32m  OK  [0m] Stopped target Network.
         Stopping Network Name Resolution...
[[0;32m  OK  [0m] Stopped Network Name Resolution.
[[0;32m  OK  [0m] Stopped Login Service.
[[0;32m  OK  [0m] Stopped target User and Group Name Lookups.
[[0;32m  OK  [0m] Stopped target Basic System.
[[0;32m  OK  [0m] Stopped target Paths.
[[0;32m  OK  [0m] Stopped ACPI Events Check.
[[0;32m  OK  [0m] Stopped target Sockets.
[[0;32m  OK  [0m] Closed Open-iSCSI iscsid Socket.
[[0;32m  OK  [0m] Closed Docker Socket for the API.
[[0;32m  OK  [0m] Closed D-Bus System Message Bus Socket.
[[0;32m  OK  [0m] Closed UUID daemon activation socket.
[[0;32m  OK  [0m] Closed ACPID Listen Socket.
[[0;32m  OK  [0m] Closed Syslog Socket.
[[0;32m  OK  [0m] Closed Socket activation for snappy daemon.
[[0;32m  OK  [0m] Closed LXD - unix socket.
[[0;32m  OK  [0m] Stopped target System Initialization.
         Stopping Update UTMP about System Boot/Shutdown...
[[0;32m  OK  [0m] Stopped Initial cloud-init job (metadata service crawler).
[[0;32m  OK  [0m] Stopped Wait for Network to be Configured.
         Stopping Network Service...
         Stopping Load/Save Random Seed...
[[0;32m  OK  [0m] Stopped Commit a transient machine-id on disk.
[[0;32m  OK  [0m] Stopped target Local Encrypted Volumes.
[[0;32m  OK  [0m] Stopped Dispatch Password Requests to Console Directory Watch.
[[0;32m  OK  [0m] Stopped Forward Password Requests to Wall Directory Watch.
[[0;32m  OK  [0m] Stopped target Slices.
[[0;32m  OK  [0m] Removed slice User and Session Slice.
[[0;32m  OK  [0m] Stopped Load/Save Random Seed.
[[0;32m  OK  [0m] Stopped Network Service.
[[0;32m  OK  [0m] Stopped target Network (Pre).
[[0;32m  OK  [0m] Stopped Initial cloud-init job (pre-networking).
[[0;32m  OK  [0m] Stopped Apply Kernel Variables.
[[0;32m  OK  [0m] Stopped Load Kernel Modules.
[[0;32m  OK  [0m] Stopped Update UTMP about System Boot/Shutdown.
[[0;32m  OK  [0m] Stopped Create Volatile Files and Directories.
[[0;32m  OK  [0m] Stopped target Local File Systems.
         Unmounting /run/user/0...
         Unmounting /vagrant...
         Unmounting /run/user/1000...
[[0;32m  OK  [0m] Unmounted /run/user/0.
[[0;32m  OK  [0m] Unmounted /vagrant.
[[0;32m  OK  [0m] Unmounted /run/user/1000.
[[0;32m  OK  [0m] Reached target Unmount All Filesystems.
[[0;32m  OK  [0m] Stopped target Swap.
[[0;32m  OK  [0m] Stopped target Local File Systems (Pre).
         Stopping Monitoring of LVM2 mirrors…ng dmeventd or progress polling...
[[0;32m  OK  [0m] Stopped Remount Root and Kernel File Systems.
[[0;32m  OK  [0m] Stopped Create Static Device Nodes in /dev.
[[0;32m  OK  [0m] Reached target Shutdown.
[[0;32m  OK  [0m] Reached target Final Step.
         Starting Reboot...
[[0;32m  OK  [0m] Stopped Monitoring of LVM2 mirrors,…sing dmeventd or progress polling.
         Stopping LVM2 metadata daemon...
[[0;32m  OK  [0m] Stopped LVM2 metadata daemon.
[38374.839484] reboot: Restarting system
[    0.000000] Linux version 4.15.0-66-generic (buildd@lgw01-amd64-044) (gcc version 7.4.0 (Ubuntu 7.4.0-1ubuntu1~18.04.1)) #75-Ubuntu SMP Tue Oct 1 05:24:09 UTC 2019 (Ubuntu 4.15.0-66.75-generic 4.15.18)
[    0.000000] Command line: BOOT_IMAGE=/boot/vmlinuz-4.15.0-66-generic root=LABEL=cloudimg-rootfs ro console=tty1 console=ttyS0
[    0.000000] KERNEL supported cpus:
[    0.000000]   Intel GenuineIntel
[    0.000000]   AMD AuthenticAMD
[    0.000000]   Centaur CentaurHauls
[    0.000000] x86/fpu: Supporting XSAVE feature 0x001: 'x87 floating point registers'
[    0.000000] x86/fpu: Supporting XSAVE feature 0x002: 'SSE registers'
[    0.000000] x86/fpu: Supporting XSAVE feature 0x004: 'AVX registers'
[    0.000000] x86/fpu: xstate_offset[2]:  576, xstate_sizes[2]:  256
[    0.000000] x86/fpu: Enabled xstate features 0x7, context size is 832 bytes, using 'standard' format.
[    0.000000] e820: BIOS-provided physical RAM map:
[    0.000000] BIOS-e820: [mem 0x0000000000000000-0x000000000009fbff] usable
[    0.000000] BIOS-e820: [mem 0x000000000009fc00-0x000000000009ffff] reserved
[    0.000000] BIOS-e820: [mem 0x00000000000f0000-0x00000000000fffff] reserved
[    0.000000] BIOS-e820: [mem 0x0000000000100000-0x00000000dffeffff] usable
[    0.000000] BIOS-e820: [mem 0x00000000dfff0000-0x00000000dfffffff] ACPI data
[    0.000000] BIOS-e820: [mem 0x00000000fec00000-0x00000000fec00fff] reserved
[    0.000000] BIOS-e820: [mem 0x00000000fee00000-0x00000000fee00fff] reserved
[    0.000000] BIOS-e820: [mem 0x00000000fffc0000-0x00000000ffffffff] reserved
[    0.000000] BIOS-e820: [mem 0x0000000100000000-0x0000000119ffffff] usable
[    0.000000] NX (Execute Disable) protection: active
[    0.000000] SMBIOS 2.5 present.
[    0.000000] DMI: innotek GmbH VirtualBox/VirtualBox, BIOS VirtualBox 12/01/2006
[    0.000000] Hypervisor detected: KVM
[    0.000000] e820: last_pfn = 0x11a000 max_arch_pfn = 0x400000000
[    0.000000] MTRR: Disabled
[    0.000000] x86/PAT: MTRRs disabled, skipping PAT initialization too.
[    0.000000] CPU MTRRs all blank - virtualized system.
[    0.000000] x86/PAT: Configuration [0-7]: WB  WT  UC- UC  WB  WT  UC- UC  
[    0.000000] e820: last_pfn = 0xdfff0 max_arch_pfn = 0x400000000
[    0.000000] Scanning 1 areas for low memory corruption
[    0.000000] RAMDISK: [mem 0x35a89000-0x36d3bfff]
[    0.000000] ACPI: Early table checksum verification disabled
[    0.000000] ACPI: RSDP 0x00000000000E0000 000024 (v02 VBOX  )
[    0.000000] ACPI: XSDT 0x00000000DFFF0030 00003C (v01 VBOX   VBOXXSDT 00000001 ASL  00000061)
[    0.000000] ACPI: FACP 0x00000000DFFF00F0 0000F4 (v04 VBOX   VBOXFACP 00000001 ASL  00000061)
[    0.000000] ACPI: DSDT 0x00000000DFFF0480 0022EA (v02 VBOX   VBOXBIOS 00000002 INTL 20100528)
[    0.000000] ACPI: FACS 0x00000000DFFF0200 000040
[    0.000000] ACPI: FACS 0x00000000DFFF0200 000040
[    0.000000] ACPI: APIC 0x00000000DFFF0240 00006C (v02 VBOX   VBOXAPIC 00000001 ASL  00000061)
[    0.000000] ACPI: SSDT 0x00000000DFFF02B0 0001CC (v01 VBOX   VBOXCPUT 00000002 INTL 20100528)
[    0.000000] No NUMA configuration found
[    0.000000] Faking a node at [mem 0x0000000000000000-0x0000000119ffffff]
[    0.000000] NODE_DATA(0) allocated [mem 0x119fd5000-0x119ffffff]
[    0.000000] kvm-clock: cpu 0, msr 1:19f54001, primary cpu clock
[    0.000000] kvm-clock: Using msrs 4b564d01 and 4b564d00
[    0.000000] kvm-clock: using sched offset of 38382488850078 cycles
[    0.000000] clocksource: kvm-clock: mask: 0xffffffffffffffff max_cycles: 0x1cd42e4dffb, max_idle_ns: 881590591483 ns
[    0.000000] Zone ranges:
[    0.000000]   DMA      [mem 0x0000000000001000-0x0000000000ffffff]
[    0.000000]   DMA32    [mem 0x0000000001000000-0x00000000ffffffff]
[    0.000000]   Normal   [mem 0x0000000100000000-0x0000000119ffffff]
[    0.000000]   Device   empty
[    0.000000] Movable zone start for each node
[    0.000000] Early memory node ranges
[    0.000000]   node   0: [mem 0x0000000000001000-0x000000000009efff]
[    0.000000]   node   0: [mem 0x0000000000100000-0x00000000dffeffff]
[    0.000000]   node   0: [mem 0x0000000100000000-0x0000000119ffffff]
[    0.000000] Reserved but unavailable: 98 pages
[    0.000000] Initmem setup node 0 [mem 0x0000000000001000-0x0000000119ffffff]
[    0.000000] ACPI: PM-Timer IO Port: 0x4008
[    0.000000] IOAPIC[0]: apic_id 4, version 32, address 0xfec00000, GSI 0-23
[    0.000000] ACPI: INT_SRC_OVR (bus 0 bus_irq 0 global_irq 2 dfl dfl)
[    0.000000] ACPI: INT_SRC_OVR (bus 0 bus_irq 9 global_irq 9 low level)
[    0.000000] Using ACPI (MADT) for SMP configuration information
[    0.000000] smpboot: Allowing 4 CPUs, 0 hotplug CPUs
[    0.000000] PM: Registered nosave memory: [mem 0x00000000-0x00000fff]
[    0.000000] PM: Registered nosave memory: [mem 0x0009f000-0x0009ffff]
[    0.000000] PM: Registered nosave memory: [mem 0x000a0000-0x000effff]
[    0.000000] PM: Registered nosave memory: [mem 0x000f0000-0x000fffff]
[    0.000000] PM: Registered nosave memory: [mem 0xdfff0000-0xdfffffff]
[    0.000000] PM: Registered nosave memory: [mem 0xe0000000-0xfebfffff]
[    0.000000] PM: Registered nosave memory: [mem 0xfec00000-0xfec00fff]
[    0.000000] PM: Registered nosave memory: [mem 0xfec01000-0xfedfffff]
[    0.000000] PM: Registered nosave memory: [mem 0xfee00000-0xfee00fff]
[    0.000000] PM: Registered nosave memory: [mem 0xfee01000-0xfffbffff]
[    0.000000] PM: Registered nosave memory: [mem 0xfffc0000-0xffffffff]
[    0.000000] e820: [mem 0xe0000000-0xfebfffff] available for PCI devices
[    0.000000] Booting paravirtualized kernel on KVM
[    0.000000] clocksource: refined-jiffies: mask: 0xffffffff max_cycles: 0xffffffff, max_idle_ns: 7645519600211568 ns
[    0.000000] random: get_random_bytes called from start_kernel+0x99/0x4fd with crng_init=0
[    0.000000] setup_percpu: NR_CPUS:8192 nr_cpumask_bits:4 nr_cpu_ids:4 nr_node_ids:1
[    0.000000] percpu: Embedded 46 pages/cpu s151552 r8192 d28672 u524288
[    0.000000] PV qspinlock hash table entries: 256 (order: 0, 4096 bytes)
[    0.000000] Built 1 zonelists, mobility grouping on.  Total pages: 1007865
[    0.000000] Policy zone: Normal
[    0.000000] Kernel command line: BOOT_IMAGE=/boot/vmlinuz-4.15.0-66-generic root=LABEL=cloudimg-rootfs ro console=tty1 console=ttyS0
[    0.000000] Memory: 3915384K/4095544K available (12300K kernel code, 2481K rwdata, 4260K rodata, 2436K init, 2388K bss, 180160K reserved, 0K cma-reserved)
[    0.000000] SLUB: HWalign=64, Order=0-3, MinObjects=0, CPUs=4, Nodes=1
[    0.000000] Kernel/User page tables isolation: enabled
[    0.000000] ftrace: allocating 39306 entries in 154 pages
[    0.004000] Hierarchical RCU implementation.
[    0.004000] 	RCU restricting CPUs from NR_CPUS=8192 to nr_cpu_ids=4.
[    0.004000] 	Tasks RCU enabled.
[    0.004000] RCU: Adjusting geometry for rcu_fanout_leaf=16, nr_cpu_ids=4
[    0.004000] NR_IRQS: 524544, nr_irqs: 456, preallocated irqs: 16
[    0.004000] Console: colour VGA+ 80x25
[    0.004000] console [tty1] enabled
[    0.004000] console [ttyS0] enabled
[    0.004000] ACPI: Core revision 20170831
[    0.004000] ACPI: 2 ACPI AML tables successfully acquired and loaded
[    0.004000] APIC: Switch to symmetric I/O mode setup
[    0.004000] x2apic enabled
[    0.004000] Switched APIC routing to physical x2apic.
[    0.004000] ..TIMER: vector=0x30 apic1=0 pin1=2 apic2=-1 pin2=-1
[    0.004004] tsc: Detected 2592.000 MHz processor
[    0.004857] Calibrating delay loop (skipped) preset value.. 5184.00 BogoMIPS (lpj=10368000)
[    0.005374] pid_max: default: 32768 minimum: 301
[    0.006187] Security Framework initialized
[    0.008003] Yama: becoming mindful.
[    0.008624] AppArmor: AppArmor initialized
[    0.009760] Dentry cache hash table entries: 524288 (order: 10, 4194304 bytes)
[    0.011415] Inode-cache hash table entries: 262144 (order: 9, 2097152 bytes)
[    0.012022] Mount-cache hash table entries: 8192 (order: 4, 65536 bytes)
[    0.013189] Mountpoint-cache hash table entries: 8192 (order: 4, 65536 bytes)
[    0.016255] Last level iTLB entries: 4KB 128, 2MB 8, 4MB 8
[    0.017213] Last level dTLB entries: 4KB 64, 2MB 0, 4MB 0, 1GB 4
[    0.018425] Spectre V1 : Mitigation: usercopy/swapgs barriers and __user pointer sanitization
[    0.020004] Spectre V2 : Mitigation: Full generic retpoline
[    0.020895] Spectre V2 : Spectre v2 / SpectreRSB mitigation: Filling RSB on context switch
[    0.023121] Speculative Store Bypass: Vulnerable
[    0.023985] MDS: Mitigation: Clear CPU buffers
[    0.024170] Freeing SMP alternatives memory: 36K
[    0.135417] smpboot: CPU0: Intel(R) Core(TM) i7-8850H CPU @ 2.60GHz (family: 0x6, model: 0x9e, stepping: 0xa)
[    0.136000] Performance Events: unsupported p6 CPU model 158 no PMU driver, software events only.
[    0.136041] Hierarchical SRCU implementation.
[    0.138098] NMI watchdog: Perf event create on CPU 0 failed with -2
[    0.140004] NMI watchdog: Perf NMI watchdog permanently disabled
[    0.141208] smp: Bringing up secondary CPUs ...
[    0.142346] x86: Booting SMP configuration:
[    0.143092] .... node  #0, CPUs:      #1
[    0.004000] kvm-clock: cpu 1, msr 1:19f54041, secondary cpu clock
[    0.147187]  #2
[    0.004000] kvm-clock: cpu 2, msr 1:19f54081, secondary cpu clock
[    0.150850]  #3
[    0.004000] kvm-clock: cpu 3, msr 1:19f540c1, secondary cpu clock
[    0.156021] smp: Brought up 1 node, 4 CPUs
[    0.157097] smpboot: Max logical packages: 1
[    0.158166] smpboot: Total of 4 processors activated (20736.00 BogoMIPS)
[    0.160177] devtmpfs: initialized
[    0.162358] x86/mm: Memory block size: 128MB
[    0.164414] evm: security.selinux
[    0.165106] evm: security.SMACK64
[    0.165978] evm: security.SMACK64EXEC
[    0.166850] evm: security.SMACK64TRANSMUTE
[    0.168009] evm: security.SMACK64MMAP
[    0.169945] evm: security.apparmor
[    0.170873] evm: security.ima
[    0.171533] evm: security.capability
[    0.172113] clocksource: jiffies: mask: 0xffffffff max_cycles: 0xffffffff, max_idle_ns: 7645041785100000 ns
[    0.173831] futex hash table entries: 1024 (order: 4, 65536 bytes)
[    0.176142] pinctrl core: initialized pinctrl subsystem
[    0.177229] RTC time: 20:34:08, date: 11/04/19
[    0.178373] NET: Registered protocol family 16
[    0.179592] audit: initializing netlink subsys (disabled)
[    0.180061] audit: type=2000 audit(1572991675.426:1): state=initialized audit_enabled=0 res=1
[    0.180151] cpuidle: using governor ladder
[    0.184036] cpuidle: using governor menu
[    0.184901] ACPI: bus type PCI registered
[    0.185694] acpiphp: ACPI Hot Plug PCI Controller Driver version: 0.5
[    0.187212] PCI: Using configuration type 1 for base access
[    0.189373] HugeTLB registered 2.00 MiB page size, pre-allocated 0 pages
[    0.192106] ACPI: Added _OSI(Module Device)
[    0.193103] ACPI: Added _OSI(Processor Device)
[    0.194061] ACPI: Added _OSI(3.0 _SCP Extensions)
[    0.196006] ACPI: Added _OSI(Processor Aggregator Device)
[    0.197333] ACPI: Added _OSI(Linux-Dell-Video)
[    0.198384] ACPI: Added _OSI(Linux-Lenovo-NV-HDMI-Audio)
[    0.200007] ACPI: Added _OSI(Linux-HPI-Hybrid-Graphics)
[    0.201968] ACPI: Executed 1 blocks of module-level executable AML code
[    0.210894] ACPI: Interpreter enabled
[    0.212027] ACPI: (supports S0 S5)
[    0.212761] ACPI: Using IOAPIC for interrupt routing
[    0.214168] PCI: Using host bridge windows from ACPI; if necessary, use "pci=nocrs" and report a bug
[    0.216250] ACPI: Enabled 2 GPEs in block 00 to 07
[    0.234669] ACPI: PCI Root Bridge [PCI0] (domain 0000 [bus 00-ff])
[    0.236013] acpi PNP0A03:00: _OSC: OS supports [ASPM ClockPM Segments MSI]
[    0.240872] acpi PNP0A03:00: _OSC: not requesting OS control; OS requires [ExtendedConfig ASPM ClockPM MSI]
[    0.244026] acpi PNP0A03:00: fail to add MMCONFIG information, can't access extended PCI configuration space under this bridge.
[    0.248183] PCI host bridge to bus 0000:00
[    0.249291] pci_bus 0000:00: root bus resource [io  0x0000-0x0cf7 window]
[    0.252000] pci_bus 0000:00: root bus resource [io  0x0d00-0xffff window]
[    0.252009] pci_bus 0000:00: root bus resource [mem 0x000a0000-0x000bffff window]
[    0.256010] pci_bus 0000:00: root bus resource [mem 0xe0000000-0xfdffffff window]
[    0.257876] pci_bus 0000:00: root bus resource [bus 00-ff]
[    0.264928] pci 0000:00:01.1: legacy IDE quirk: reg 0x10: [io  0x01f0-0x01f7]
[    0.267190] pci 0000:00:01.1: legacy IDE quirk: reg 0x14: [io  0x03f6]
[    0.268006] pci 0000:00:01.1: legacy IDE quirk: reg 0x18: [io  0x0170-0x0177]
[    0.270379] pci 0000:00:01.1: legacy IDE quirk: reg 0x1c: [io  0x0376]
[    0.322047] pci 0000:00:07.0: quirk: [io  0x4000-0x403f] claimed by PIIX4 ACPI
[    0.324030] pci 0000:00:07.0: quirk: [io  0x4100-0x410f] claimed by PIIX4 SMB
[    0.337922] ACPI: PCI Interrupt Link [LNKA] (IRQs 5 9 10 *11)
[    0.340445] ACPI: PCI Interrupt Link [LNKB] (IRQs 5 9 *10 11)
[    0.341742] ACPI: PCI Interrupt Link [LNKC] (IRQs 5 *9 10 11)
[    0.342871] ACPI: PCI Interrupt Link [LNKD] (IRQs 5 9 10 *11)
[    0.344242] SCSI subsystem initialized
[    0.344984] pci 0000:00:02.0: vgaarb: setting as boot VGA device
[    0.345059] pci 0000:00:02.0: vgaarb: VGA device added: decodes=io+mem,owns=io+mem,locks=none
[    0.346555] pci 0000:00:02.0: vgaarb: bridge control possible
[    0.348008] vgaarb: loaded
[    0.348543] ACPI: bus type USB registered
[    0.349335] usbcore: registered new interface driver usbfs
[    0.350401] usbcore: registered new interface driver hub
[    0.352031] usbcore: registered new device driver usb
[    0.353526] EDAC MC: Ver: 3.0.0
[    0.353526] PCI: Using ACPI for IRQ routing
[    0.353526] NetLabel: Initializing
[    0.356002] NetLabel:  domain hash size = 128
[    0.356740] NetLabel:  protocols = UNLABELED CIPSOv4 CALIPSO
[    0.357710] NetLabel:  unlabeled traffic allowed by default
[    0.360509] clocksource: Switched to clocksource kvm-clock
[    0.369093] VFS: Disk quotas dquot_6.6.0
[    0.369861] VFS: Dquot-cache hash table entries: 512 (order 0, 4096 bytes)
[    0.371192] AppArmor: AppArmor Filesystem Enabled
[    0.372000] pnp: PnP ACPI init
[    0.373835] pnp: PnP ACPI: found 3 devices
[    0.384212] clocksource: acpi_pm: mask: 0xffffff max_cycles: 0xffffff, max_idle_ns: 2085701024 ns
[    0.386281] NET: Registered protocol family 2
[    0.387265] TCP established hash table entries: 32768 (order: 6, 262144 bytes)
[    0.388541] TCP bind hash table entries: 32768 (order: 7, 524288 bytes)
[    0.389666] TCP: Hash tables configured (established 32768 bind 32768)
[    0.390737] UDP hash table entries: 2048 (order: 4, 65536 bytes)
[    0.391681] UDP-Lite hash table entries: 2048 (order: 4, 65536 bytes)
[    0.394739] NET: Registered protocol family 1
[    0.395515] pci 0000:00:00.0: Limiting direct PCI/PCI transfers
[    0.397315] pci 0000:00:01.0: Activating ISA DMA hang workarounds
[    0.398455] pci 0000:00:02.0: Video device with shadowed ROM at [mem 0x000c0000-0x000dffff]
[    0.400094] Unpacking initramfs...
[    0.622576] Freeing initrd memory: 19148K
[    0.623348] PCI-DMA: Using software bounce buffering for IO (SWIOTLB)
[    0.624458] software IO TLB: mapped [mem 0xdbff0000-0xdfff0000] (64MB)
[    0.625583] clocksource: tsc: mask: 0xffffffffffffffff max_cycles: 0x255cb6cc5db, max_idle_ns: 440795203504 ns
[    0.627191] platform rtc_cmos: registered platform RTC device (no PNP device found)
[    0.628447] Scanning for low memory corruption every 60 seconds
[    0.630205] Initialise system trusted keyrings
[    0.630983] Key type blacklist registered
[    0.631773] workingset: timestamp_bits=36 max_order=20 bucket_order=0
[    0.634186] zbud: loaded
[    0.635252] squashfs: version 4.0 (2009/01/31) Phillip Lougher
[    0.636664] fuse init (API version 7.26)
[    0.640670] Key type asymmetric registered
[    0.641411] Asymmetric key parser 'x509' registered
[    0.642279] Block layer SCSI generic (bsg) driver version 0.4 loaded (major 246)
[    0.643862] io scheduler noop registered
[    0.644591] io scheduler deadline registered
[    0.645330] io scheduler cfq registered (default)
[    0.646461] ACPI: AC Adapter [AC] (on-line)
[    0.647281] input: Power Button as /devices/LNXSYSTM:00/LNXPWRBN:00/input/input0
[    0.648677] ACPI: Power Button [PWRF]
[    0.649510] input: Sleep Button as /devices/LNXSYSTM:00/LNXSLPBN:00/input/input1
[    0.650987] ACPI: Sleep Button [SLPF]
[    0.652871] ACPI: Battery Slot [BAT0] (battery present)
[    0.654056] Serial: 8250/16550 driver, 32 ports, IRQ sharing enabled
[    0.686904] 00:02: ttyS0 at I/O 0x3f8 (irq = 4, base_baud = 115200) is a 16550A
[    0.691609] Linux agpgart interface v0.103
[    0.694212] loop: module loaded
[    0.695313] scsi host0: ata_piix
[    0.696103] scsi host1: ata_piix
[    0.696760] ata1: PATA max UDMA/33 cmd 0x1f0 ctl 0x3f6 bmdma 0xd000 irq 14
[    0.697821] ata2: PATA max UDMA/33 cmd 0x170 ctl 0x376 bmdma 0xd008 irq 15
[    0.699437] libphy: Fixed MDIO Bus: probed
[    0.700492] tun: Universal TUN/TAP device driver, 1.6
[    0.701460] PPP generic driver version 2.4.2
[    0.702353] ehci_hcd: USB 2.0 'Enhanced' Host Controller (EHCI) Driver
[    0.703571] ehci-pci: EHCI PCI platform driver
[    0.704505] ehci-platform: EHCI generic platform driver
[    0.705412] ohci_hcd: USB 1.1 'Open' Host Controller (OHCI) Driver
[    0.706436] ohci-pci: OHCI PCI platform driver
[    0.707172] ohci-platform: OHCI generic platform driver
[    0.708086] uhci_hcd: USB Universal Host Controller Interface driver
[    0.709203] i8042: PNP: PS/2 Controller [PNP0303:PS2K,PNP0f03:PS2M] at 0x60,0x64 irq 1,12
[    0.711204] serio: i8042 KBD port at 0x60,0x64 irq 1
[    0.712106] serio: i8042 AUX port at 0x60,0x64 irq 12
[    0.713079] mousedev: PS/2 mouse device common for all mice
[    0.714550] input: AT Translated Set 2 keyboard as /devices/platform/i8042/serio0/input/input2
[    0.716004] rtc_cmos rtc_cmos: rtc core: registered rtc_cmos as rtc0
[    0.717182] rtc_cmos rtc_cmos: alarms up to one day, 114 bytes nvram
[    0.718322] i2c /dev entries driver
[    0.719034] device-mapper: uevent: version 1.0.3
[    0.720064] device-mapper: ioctl: 4.37.0-ioctl (2017-09-20) initialised: dm-devel@redhat.com
[    0.721747] ledtrig-cpu: registered to indicate activity on CPUs
[    0.723439] NET: Registered protocol family 10
[    0.728114] Segment Routing with IPv6
[    0.728776] NET: Registered protocol family 17
[    0.729604] Key type dns_resolver registered
[    0.730976] mce: Using 0 MCE banks
[    0.731572] RAS: Correctable Errors collector initialized.
[    0.732577] sched_clock: Marking stable (732558686, 0)->(935623345, -203064659)
[    0.734533] registered taskstats version 1
[    0.735282] Loading compiled-in X.509 certificates
[    0.738303] Loaded X.509 cert 'Build time autogenerated kernel key: 01a66adcc10ca4ce7676a3458c33483b0e2b806e'
[    0.739932] zswap: loaded using pool lzo/zbud
[    0.743714] Key type big_key registered
[    0.744689] Key type trusted registered
[    0.746785] Key type encrypted registered
[    0.747522] AppArmor: AppArmor sha1 policy hashing enabled
[    0.748507] ima: No TPM chip found, activating TPM-bypass! (rc=-19)
[    0.749712] ima: Allocated hash algorithm: sha1
[    0.750515] evm: HMAC attrs: 0x1
[    0.751371]   Magic number: 11:482:598
[    0.752333] rtc_cmos rtc_cmos: setting system clock to 2019-11-04 20:34:09 UTC (1572899649)
[    0.754420] BIOS EDD facility v0.16 2004-Jun-25, 0 devices found
[    0.755487] EDD information not available.
[    0.858782] Freeing unused kernel image memory: 2436K
[    0.886856] Write protecting the kernel read-only data: 20480k
[    0.888601] Freeing unused kernel image memory: 2008K
[    0.889848] Freeing unused kernel image memory: 1884K
[    0.898441] x86/mm: Checked W+X mappings: passed, no W+X pages found.
[    0.899542] x86/mm: Checking user space page tables
[    0.907351] x86/mm: Checked W+X mappings: passed, no W+X pages found.
Loading, please wait...
starting version 237
[    0.959719] e1000: Intel(R) PRO/1000 Network Driver - version 7.3.21-k8-NAPI
[    0.959781] Fusion MPT base driver 3.04.20
[    0.966869] e1000: Copyright (c) 1999-2006 Intel Corporation.
[    0.970446] Copyright (c) 1999-2008 LSI Corporation
[    0.980071] AVX2 version of gcm_enc/dec engaged.
[    0.981332] AES CTR mode by8 optimization enabled
[    0.988487] Fusion MPT SPI Host driver 3.04.20
[    1.184589] input: ImExPS/2 Generic Explorer Mouse as /devices/platform/i8042/serio1/input/input4
[    1.370962] e1000 0000:00:03.0 eth0: (PCI:33MHz:32-bit) 02:b5:0e:9d:9f:27
[    1.372060] e1000 0000:00:03.0 eth0: Intel(R) PRO/1000 Network Connection
[    1.374064] e1000 0000:00:03.0 enp0s3: renamed from eth0
[    1.374336] mptbase: ioc0: Initiating bringup
[    2.105547] ioc0: LSI53C1030 A0: Capabilities={Initiator}
[    3.133188] scsi host2: ioc0: LSI53C1030 A0, FwRev=00000000h, Ports=1, MaxQ=256, IRQ=20
[    3.658438] scsi 2:0:0:0: Direct-Access     VBOX     HARDDISK         1.0  PQ: 0 ANSI: 5
[    3.700389] scsi target2:0:0: Beginning Domain Validation
[    3.704961] scsi target2:0:0: Domain Validation skipping write tests
[    3.707218] scsi target2:0:0: Ending Domain Validation
[    3.708638] scsi target2:0:0: asynchronous
[    3.710272] scsi 2:0:1:0: Direct-Access     VBOX     HARDDISK         1.0  PQ: 0 ANSI: 5
[    3.744042] scsi target2:0:1: Beginning Domain Validation
[    3.749714] random: fast init done
[    3.750643] scsi target2:0:1: Domain Validation skipping write tests
[    3.752104] scsi target2:0:1: Ending Domain Validation
[    3.753710] scsi target2:0:1: asynchronous
[    3.767493] random: systemd-udevd: uninitialized urandom read (16 bytes read)
[    3.768177] sd 2:0:0:0: Attached scsi generic sg0 type 0
[    3.769371] random: systemd-udevd: uninitialized urandom read (16 bytes read)
[    3.769374] random: systemd-udevd: uninitialized urandom read (16 bytes read)
[    3.772367] sd 2:0:0:0: [sda] 20971520 512-byte logical blocks: (10.7 GB/10.0 GiB)
[    3.778834] sd 2:0:1:0: Attached scsi generic sg1 type 0
[    3.778988] sd 2:0:0:0: [sda] Write Protect is off
[    3.780908] sd 2:0:1:0: [sdb] 20480 512-byte logical blocks: (10.5 MB/10.0 MiB)
[    3.794051] sd 2:0:1:0: [sdb] Write Protect is off
[    3.795271] sd 2:0:0:0: [sda] Incomplete mode parameter data
[    3.800753] sd 2:0:0:0: [sda] Assuming drive cache: write through
[    3.802103] sd 2:0:1:0: [sdb] Incomplete mode parameter data
[    3.803403]  sda: sda1
[    3.807622] sd 2:0:1:0: [sdb] Assuming drive cache: write through
[    3.810627] sd 2:0:0:0: [sda] Attached SCSI disk
[    3.819242] sd 2:0:1:0: [sdb] Attached SCSI disk
Begin: Loading essential drivers ... [    5.500622] raid6: sse2x1   gen() 10775 MB/s
[    5.548446] raid6: sse2x1   xor()  8388 MB/s
[    5.598783] raid6: sse2x2   gen() 11292 MB/s
[    5.648027] raid6: sse2x2   xor()  9025 MB/s
[    5.696761] raid6: sse2x4   gen() 16759 MB/s
[    5.744483] raid6: sse2x4   xor() 10260 MB/s
[    5.792414] raid6: avx2x1   gen() 18282 MB/s
[    5.840230] raid6: avx2x1   xor() 13845 MB/s
[    5.888125] raid6: avx2x2   gen() 27326 MB/s
[    5.937674] raid6: avx2x2   xor() 14856 MB/s
[    5.984846] raid6: avx2x4   gen() 23925 MB/s
[    6.036699] raid6: avx2x4   xor() 17619 MB/s
[    6.038943] raid6: using algorithm avx2x2 gen() 27326 MB/s
[    6.040323] raid6: .... xor() 14856 MB/s, rmw enabled
[    6.041416] raid6: using avx2x2 recovery algorithm
[    6.043988] xor: automatically using best checksumming function   avx       
[    6.046513] async_tx: api initialized (async)
done.
Begin: Running /scripts/init-premount ... done.
Begin: Mounting root file system ... Begin: Running /scripts/local-top ... done.
Begin: Running /scripts/local-premount ... [    6.094756] Btrfs loaded, crc32c=crc32c-intel
Scanning for Btrfs filesystems
done.
Warning: fsck not present, so skipping root file system
[    6.121481] EXT4-fs (sda1): mounted filesystem with ordered data mode. Opts: (null)
done.
Begin: Running /scripts/local-bottom ... done.
Begin: Running /scripts/init-bottom ... done.
[    6.269195] ip_tables: (C) 2000-2006 Netfilter Core Team
[    6.277294] systemd[1]: systemd 237 running in system mode. (+PAM +AUDIT +SELINUX +IMA +APPARMOR +SMACK +SYSVINIT +UTMP +LIBCRYPTSETUP +GCRYPT +GNUTLS +ACL +XZ +LZ4 +SECCOMP +BLKID +ELFUTILS +KMOD -IDN2 +IDN -PCRE2 default-hierarchy=hybrid)
[    6.280700] systemd[1]: Detected virtualization oracle.
[    6.281560] systemd[1]: Detected architecture x86-64.

Welcome to [1mUbuntu 18.04.3 LTS[0m!

[    6.290376] systemd[1]: Set hostname to <ubuntu-bionic>.
[    6.532250] systemd[1]: Created slice User and Session Slice.
[[0;32m  OK  [0m] Created slice User and Session Slice.
[    6.544731] systemd[1]: Reached target Swap.
[[0;32m  OK  [0m] Reached target Swap.
[    6.545950] systemd[1]: Started Forward Password Requests to Wall Directory Watch.
[[0;32m  OK  [0m] Started Forward Password Requests to Wall Directory Watch.
[    6.548307] systemd[1]: Created slice System Slice.
[[0;32m  OK  [0m] Created slice System Slice.
[    6.549768] systemd[1]: Created slice system-serial\x2dgetty.slice.
[[0;32m  OK  [0m] Created slice system-serial\x2dgetty.slice.
[    6.563426] systemd[1]: Listening on Journal Audit Socket.
[[0;32m  OK  [0m] Listening on Journal Audit Socket.
[[0;32m  OK  [0m] Listening on Network Service Netlink Socket.
[[0;32m  OK  [0m] Listening on udev Kernel Socket.
[[0;32m  OK  [0m] Listening on Syslog Socket.
[[0;32m  OK  [0m] Listening on LVM2 metadata daemon socket.
[[0;32m  OK  [0m] Listening on Journal Socket (/dev/log).
[[0;32m  OK  [0m] Reached target Slices.
[[0;32m  OK  [0m] Listening on LVM2 poll daemon socket.
[[0;32m  OK  [0m] Listening on Journal Socket.
         Starting Load Kernel Modules...
         Mounting Kernel Debug File System...
         Mounting POSIX Message Queue File System...
         Starting Remount Root and Kernel File Systems...
         Starting Set the console keyboard layout...
[    6.673226] Loading iSCSI transport class v2.0-870.
         Starting Uncomplicated firewall...
         Mounting Huge Pages File System...
[[0;32m  OK  [0m] Reached target User and Group Name Lookups.
[    6.680055] iscsi: registered transport (tcp)
         Starting Journal Service...
         Starting Create list of required st…ce nodes for the current kernel...
[[0;32m  OK  [0m] Set up automount Arbitrary Executab…rmats File System Automount Point.
[[0;32m  OK  [0m] Reached target System Time Synchronized.
[[0;32m  OK  [0m] Listening on udev Control Socket.
         Starting udev Coldplug all Devices...
[[0;32m  OK  [0m] Listening on Device-mapper event daemon FIFOs.
         Starting Monitoring of LVM2 mirrors…ng dmeventd or progress polling...
[[0;32m  OK  [0m] Listening on /dev/initctl Compatibility Named Pipe.
[    6.744419] iscsi: registered transport (iser)
[[0;32m  OK  [0m] Mounted Kernel Debug File System.
[[0;32m  OK  [0m] Started Load Kernel Modules.
[[0;32m  OK  [0m] Mounted POSIX Message Queue File System.
[[0;32m  OK  [0m] Started Uncomplicated firewall.
[    6.767431] EXT4-fs (sda1): re-mounted. Opts: (null)
[[0;32m  OK  [0m] Started Journal Service.
[[0;32m  OK  [0m] Started Remount Root and Kernel File Systems.
[[0;32m  OK  [0m] Mounted Huge Pages File System.
[[0;32m  OK  [0m] Started Create list of required sta…vice nodes for the current kernel.
[[0;32m  OK  [0m] Started LVM2 metadata daemon.
         Starting Create Static Device Nodes in /dev...
         Starting Load/Save Random Seed...
         Starting Flush Journal to Persistent Storage...
         Mounting Kernel Configuration File System...
         Mounting FUSE Control File System...
         Starting Apply Kernel Variables...
[[0;32m  OK  [0m] Mounted Kernel Configuration File System.
[[0;32m  OK  [0m] Mounted FUSE Control File System.
[[0;32m  OK  [0m] Started udev Coldplug all Devices.
[[0;32m  OK  [0m] Started Monitoring of LVM2 mirrors,…sing dmeventd or progress polling.
[[0;32m  OK  [0m] Started Load/Save Random Seed.
[    6.888145] systemd-journald[429]: Received request to flush runtime journal from PID 1
[[0;32m  OK  [0m] Started Create Static Device Nodes in /dev.
         Starting udev Kernel Device Manager...
[[0;32m  OK  [0m] Started Apply Kernel Variables.
[[0;32m  OK  [0m] Started udev Kernel Device Manager.
[[0;32m  OK  [0m] Started Set the console keyboard layout.
[[0;32m  OK  [0m] Started Flush Journal to Persistent Storage.
[[0;32m  OK  [0m] Reached target Local File Systems (Pre).
[[0;32m  OK  [0m] Reached target Local File Systems.
         Starting Set console font and keymap...
         Starting AppArmor initialization...
         Starting Tell Plymouth To Write Out Runtime Data...
         Starting ebtables ruleset management...
         Starting Create Volatile Files and Directories...
[[0;32m  OK  [0m] Started Dispatch Password Requests to Console Directory Watch.
[[0;32m  OK  [0m] Reached target Local Encrypted Volumes.
[[0;32m  OK  [0m] Started Set console font and keymap.
[[0;32m  OK  [0m] Started Tell Plymouth To Write Out Runtime Data.
[[0;32m  OK  [0m] Started Create Volatile Files and Directories.
         Starting Update UTMP about System Boot/Shutdown...
[[0;32m  OK  [0m] Started Update UTMP about System Boot/Shutdown.
[[0;32m  OK  [0m] Started ebtables ruleset management.
[[0;32m  OK  [0m] Found device /dev/ttyS0.
[[0;32m  OK  [0m] Listening on Load/Save RF Kill Switch Status /dev/rfkill Watch.
[[0;32m  OK  [0m] Started AppArmor initialization.
         Starting Initial cloud-init job (pre-networking)...
[    8.635165] cloud-init[580]: Cloud-init v. 19.2-36-g059d049c-0ubuntu2~18.04.1 running 'init-local' at Mon, 04 Nov 2019 20:34:17 +0000. Up 8.33 seconds.
[[0;32m  OK  [0m] Started Initial cloud-init job (pre-networking).
[[0;32m  OK  [0m] Reached target Network (Pre).
         Starting Network Service...
[[0;32m  OK  [0m] Started Network Service.
         Starting Network Name Resolution...
         Starting Wait for Network to be Configured...
[[0;32m  OK  [0m] Started Network Name Resolution.
[[0;32m  OK  [0m] Reached target Network.
[[0;32m  OK  [0m] Reached target Host and Network Name Lookups.
[[0;32m  OK  [0m] Started Wait for Network to be Configured.
         Starting Initial cloud-init job (metadata service crawler)...
[   11.166817] cloud-init[689]: Cloud-init v. 19.2-36-g059d049c-0ubuntu2~18.04.1 running 'init' at Mon, 04 Nov 2019 20:34:19 +0000. Up 10.96 seconds.
[   11.171241] cloud-init[689]: ci-info: +++++++++++++++++++++++++++++++++++++Net device info++++++++++++++++++++++++++++++++++++++
[   11.172811] cloud-init[689]: ci-info: +--------+------+---------------------------+---------------+--------+-------------------+
[   11.174286] cloud-init[689]: ci-info: | Device |  Up  |          Address          |      Mask     | Scope  |     Hw-Address    |
[   11.175504] cloud-init[689]: ci-info: +--------+------+---------------------------+---------------+--------+-------------------+
[   11.177340] cloud-init[689]: ci-info: | enp0s3 | True |         10.0.2.15         | 255.255.255.0 | global | 02:b5:0e:9d:9f:27 |
[   11.178466] cloud-init[689]: ci-info: | enp0s3 | True | fe80::b5:eff:fe9d:9f27/64 |       .       |  link  | 02:b5:0e:9d:9f:27 |
[   11.196597] cloud-init[689]: ci-info: |   lo   | True |         127.0.0.1         |   255.0.0.0   |  host  |         .         |
[   11.197843] cloud-init[689]: ci-info: |   lo   | True |          ::1/128          |       .       |  host  |         .         |
[   11.199078] cloud-init[689]: ci-info: +--------+------+---------------------------+---------------+--------+-------------------+
[   11.200188] cloud-init[689]: ci-info: ++++++++++++++++++++++++++++Route IPv4 info+++++++++++++++++++++++++++++
[   11.201307] cloud-init[689]: ci-info: +-------+-------------+----------+-----------------+-----------+-------+
[   11.202438] cloud-init[689]: ci-info: | Route | Destination | Gateway  |     Genmask     | Interface | Flags |
[   11.203544] cloud-init[689]: ci-info: +-------+-------------+----------+-----------------+-----------+-------+
[   11.204723] cloud-init[689]: ci-info: |   0   |   0.0.0.0   | 10.0.2.2 |     0.0.0.0     |   enp0s3  |   UG  |
[   11.206079] cloud-init[689]: ci-info: |   1   |   10.0.2.0  | 0.0.0.0  |  255.255.255.0  |   enp0s3  |   U   |
[   11.207224] cloud-init[689]: ci-info: |   2   |   10.0.2.2  | 0.0.0.0  | 255.255.255.255 |   enp0s3  |   UH  |
[   11.208389] cloud-init[689]: ci-info: +-------+-------------+----------+-----------------+-----------+-------+
[   11.209536] cloud-init[689]: ci-info: +++++++++++++++++++Route IPv6 info+++++++++++++++++++
[   11.210548] cloud-init[689]: ci-info: +-------+-------------+---------+-----------+-------+
[   11.212274] cloud-init[689]: ci-info: | Route | Destination | Gateway | Interface | Flags |
[   11.213183] cloud-init[689]: ci-info: +-------+-------------+---------+-----------+-------+
[   11.214247] cloud-init[689]: ci-info: |   1   |  fe80::/64  |    ::   |   enp0s3  |   U   |
[   11.215128] cloud-init[689]: ci-info: |   3   |    local    |    ::   |   enp0s3  |   U   |
[   11.215996] cloud-init[689]: ci-info: |   4   |   ff00::/8  |    ::   |   enp0s3  |   U   |
[   11.232268] cloud-init[689]: ci-info: +-------+-------------+---------+-----------+-------+
[[0;32m  OK  [0m] Started Initial cloud-init job (metadata service crawler).
[[0;32m  OK  [0m] Reached target System Initialization.
[[0;32m  OK  [0m] Started Discard unused blocks once a week.
[[0;32m  OK  [0m] Listening on D-Bus System Message Bus Socket.
[[0;32m  OK  [0m] Listening on ACPID Listen Socket.
         Starting LXD - unix socket.
         Starting Socket activation for snappy daemon.
[[0;32m  OK  [0m] Listening on Open-iSCSI iscsid Socket.
[[0;32m  OK  [0m] Listening on UUID daemon activation socket.
         Starting Docker Socket for the API.
[[0;32m  OK  [0m] Started Daily apt download activities.
[[0;32m  OK  [0m] Started Daily Cleanup of Temporary Directories.
[[0;32m  OK  [0m] Started Daily apt upgrade and clean activities.
[[0;32m  OK  [0m] Started Message of the Day.
[[0;32m  OK  [0m] Reached target Timers.
[[0;32m  OK  [0m] Started ACPI Events Check.
[[0;32m  OK  [0m] Reached target Paths.
[[0;32m  OK  [0m] Reached target Cloud-config availability.
[[0;32m  OK  [0m] Reached target Network is Online.
         Starting Availability of block devices...
[[0;32m  OK  [0m] Reached target Remote File Systems (Pre).
[[0;32m  OK  [0m] Reached target Remote File Systems.
[[0;32m  OK  [0m] Listening on LXD - unix socket.
[[0;32m  OK  [0m] Listening on Socket activation for snappy daemon.
[[0;32m  OK  [0m] Listening on Docker Socket for the API.
[[0;32m  OK  [0m] Started Availability of block devices.
[[0;32m  OK  [0m] Reached target Sockets.
[[0;32m  OK  [0m] Reached target Basic System.
         Starting Dispatcher daemon for systemd-networkd...
[[0;32m  OK  [0m] Started D-Bus System Message Bus.
         Starting Snappy daemon...
         Starting Accounts Service...
         Starting LXD - container startup/shutdown...
         Starting OpenBSD Secure Shell server...
[[0;32m  OK  [0m] Started irqbalance daemon.
         Starting Message of the Day...
[[0;32m  OK  [0m] Started Deferred execution scheduler.
         Starting containerd container runtime...
         Starting Virtualbox guest utils...
         Starting Login Service...
         Starting Permit User Sessions...
         Starting System Logging Service...
[[0;32m  OK  [0m] Started FUSE filesystem for LXC.
         Starting LSB: automatic crash report generation...
         Starting LSB: Record successful boot for GRUB...
[[0;32m  OK  [0m] Started Regular background program processing daemon.
[[0;32m  OK  [0m] Started Dispatcher daemon for systemd-networkd.
[[0;32m  OK  [0m] Started System Logging Service.
[[0;32m  OK  [0m] Started LXD - container startup/shutdown.
[[0;32m  OK  [0m] Started containerd container runtime.
[[0;32m  OK  [0m] Started Permit User Sessions.
[[0;32m  OK  [0m] Started OpenBSD Secure Shell server.
[[0;32m  OK  [0m] Started Login Service.
[[0;32m  OK  [0m] Started Unattended Upgrades Shutdown.
         Starting Authorization Manager...
         Starting Hold until boot process finishes up...
         Starting Terminate Plymouth Boot Screen...
         Starting Docker Application Container Engine...
[[0;32m  OK  [0m] Started Hold until boot process finishes up.
[[0;32m  OK  [0m] Started Terminate Plymouth Boot Screen.
[[0;32m  OK  [0m] Started Serial Getty on ttyS0.
         Starting Set console scheme...
[[0;32m  OK  [0m] Started LSB: automatic crash report generation.
[[0;32m  OK  [0m] Started Authorization Manager.
[[0;32m  OK  [0m] Started Accounts Service.
[[0;32m  OK  [0m] Started LSB: Record successful boot for GRUB.
[[0;32m  OK  [0m] Started Set console scheme.
[[0;32m  OK  [0m] Created slice system-getty.slice.
[[0;32m  OK  [0m] Started Getty on tty1.
[[0;32m  OK  [0m] Reached target Login Prompts.
[[0;32m  OK  [0m] Started Virtualbox guest utils.
[[0;32m  OK  [0m] Started Snappy daemon.
         Starting Wait until snapd is fully seeded...
[[0;32m  OK  [0m] Started Wait until snapd is fully seeded.
         Starting Apply the settings specified in cloud-config...
[   13.451852] cloud-init[1307]: Cloud-init v. 19.2-36-g059d049c-0ubuntu2~18.04.1 running 'modules:config' at Tue, 05 Nov 2019 11:28:26 +0000. Up 13.33 seconds.
[[0;32m  OK  [0m] Started Apply the settings specified in cloud-config.
[[0;32m  OK  [0m] Started Docker Application Container Engine.
[[0;32m  OK  [0m] Reached target Multi-User System.
         Starting Execute cloud user/final scripts...
[[0;32m  OK  [0m] Reached target Graphical Interface.
         Starting Update UTMP about System Runlevel Changes...
[[0;32m  OK  [0m] Started Update UTMP about System Runlevel Changes.
[   14.309079] cloud-init[1501]: Cloud-init v. 19.2-36-g059d049c-0ubuntu2~18.04.1 running 'modules:final' at Tue, 05 Nov 2019 11:28:27 +0000. Up 14.18 seconds.
[   14.309945] cloud-init[1501]: Cloud-init v. 19.2-36-g059d049c-0ubuntu2~18.04.1 finished at Tue, 05 Nov 2019 11:28:27 +0000. Datasource DataSourceNoCloud [seed=/dev/sdb][dsmode=net].  Up 14.30 seconds
[[0;32m  OK  [0m] Started Execute cloud user/final scripts.
         Starting Daily apt download activities...
[[0;32m  OK  [0m] Reached target Cloud-init target.
[[0;32m  OK  [0m] Created slice User Slice of root.
         Starting User Manager for UID 0...
[[0;32m  OK  [0m] Started Session 1 of user root.
[[0;32m  OK  [0m] Started User Manager for UID 0.
[[0;32m  OK  [0m] Started Session 3 of user root.

Ubuntu 18.04.3 LTS ubuntu-bionic ttyS0

ubuntu-bionic login:          Stopping LSB: automatic crash report generation...
[[0;32m  OK  [0m] Stopped LSB: automatic crash report generation.
         Starting LSB: automatic crash report generation...
[[0;32m  OK  [0m] Started LSB: automatic crash report generation.
[[0;32m  OK  [0m] Started Daily apt upgrade and clean activities.
